[2024-03-29T14:31:37.804+0000] {processor.py:161} INFO - Started process (PID=74) to work on /home/airflow/.local/lib/python3.8/site-packages/airflow/example_dags/example_bash_operator.py
[2024-03-29T14:31:37.805+0000] {processor.py:830} INFO - Processing file /home/airflow/.local/lib/python3.8/site-packages/airflow/example_dags/example_bash_operator.py for tasks to queue
[2024-03-29T14:31:37.807+0000] {logging_mixin.py:188} INFO - [2024-03-29T14:31:37.807+0000] {dagbag.py:540} INFO - Filling up the DagBag from /home/airflow/.local/lib/python3.8/site-packages/airflow/example_dags/example_bash_operator.py
[2024-03-29T14:31:37.824+0000] {processor.py:840} INFO - DAG(s) 'example_bash_operator' retrieved from /home/airflow/.local/lib/python3.8/site-packages/airflow/example_dags/example_bash_operator.py
[2024-03-29T14:31:37.840+0000] {logging_mixin.py:188} INFO - [2024-03-29T14:31:37.839+0000] {dag.py:3047} INFO - Sync 1 DAGs
[2024-03-29T14:31:37.869+0000] {logging_mixin.py:188} INFO - [2024-03-29T14:31:37.869+0000] {dag.py:3834} INFO - Setting next_dagrun for example_bash_operator to 2024-03-28 00:00:00+00:00, run_after=2024-03-29 00:00:00+00:00
[2024-03-29T14:31:37.893+0000] {processor.py:183} INFO - Processing /home/airflow/.local/lib/python3.8/site-packages/airflow/example_dags/example_bash_operator.py took 0.097 seconds
[2024-03-29T14:32:09.327+0000] {processor.py:161} INFO - Started process (PID=129) to work on /home/airflow/.local/lib/python3.8/site-packages/airflow/example_dags/example_bash_operator.py
[2024-03-29T14:32:09.328+0000] {processor.py:830} INFO - Processing file /home/airflow/.local/lib/python3.8/site-packages/airflow/example_dags/example_bash_operator.py for tasks to queue
[2024-03-29T14:32:09.330+0000] {logging_mixin.py:188} INFO - [2024-03-29T14:32:09.330+0000] {dagbag.py:540} INFO - Filling up the DagBag from /home/airflow/.local/lib/python3.8/site-packages/airflow/example_dags/example_bash_operator.py
[2024-03-29T14:32:09.343+0000] {processor.py:840} INFO - DAG(s) 'example_bash_operator' retrieved from /home/airflow/.local/lib/python3.8/site-packages/airflow/example_dags/example_bash_operator.py
[2024-03-29T14:32:09.462+0000] {logging_mixin.py:188} INFO - [2024-03-29T14:32:09.462+0000] {dag.py:3047} INFO - Sync 1 DAGs
[2024-03-29T14:32:09.486+0000] {logging_mixin.py:188} INFO - [2024-03-29T14:32:09.486+0000] {dag.py:3834} INFO - Setting next_dagrun for example_bash_operator to 2024-03-28 00:00:00+00:00, run_after=2024-03-29 00:00:00+00:00
[2024-03-29T14:32:09.511+0000] {processor.py:183} INFO - Processing /home/airflow/.local/lib/python3.8/site-packages/airflow/example_dags/example_bash_operator.py took 0.188 seconds
[2024-03-29T14:32:40.243+0000] {processor.py:161} INFO - Started process (PID=184) to work on /home/airflow/.local/lib/python3.8/site-packages/airflow/example_dags/example_bash_operator.py
[2024-03-29T14:32:40.244+0000] {processor.py:830} INFO - Processing file /home/airflow/.local/lib/python3.8/site-packages/airflow/example_dags/example_bash_operator.py for tasks to queue
[2024-03-29T14:32:40.246+0000] {logging_mixin.py:188} INFO - [2024-03-29T14:32:40.246+0000] {dagbag.py:540} INFO - Filling up the DagBag from /home/airflow/.local/lib/python3.8/site-packages/airflow/example_dags/example_bash_operator.py
[2024-03-29T14:32:40.258+0000] {processor.py:840} INFO - DAG(s) 'example_bash_operator' retrieved from /home/airflow/.local/lib/python3.8/site-packages/airflow/example_dags/example_bash_operator.py
[2024-03-29T14:32:40.287+0000] {logging_mixin.py:188} INFO - [2024-03-29T14:32:40.287+0000] {dag.py:3047} INFO - Sync 1 DAGs
[2024-03-29T14:32:40.310+0000] {logging_mixin.py:188} INFO - [2024-03-29T14:32:40.309+0000] {dag.py:3834} INFO - Setting next_dagrun for example_bash_operator to 2024-03-28 00:00:00+00:00, run_after=2024-03-29 00:00:00+00:00
[2024-03-29T14:32:40.335+0000] {processor.py:183} INFO - Processing /home/airflow/.local/lib/python3.8/site-packages/airflow/example_dags/example_bash_operator.py took 0.096 seconds
[2024-03-29T14:45:12.374+0000] {processor.py:161} INFO - Started process (PID=74) to work on /home/airflow/.local/lib/python3.8/site-packages/airflow/example_dags/example_bash_operator.py
[2024-03-29T14:45:12.376+0000] {processor.py:830} INFO - Processing file /home/airflow/.local/lib/python3.8/site-packages/airflow/example_dags/example_bash_operator.py for tasks to queue
[2024-03-29T14:45:12.380+0000] {logging_mixin.py:188} INFO - [2024-03-29T14:45:12.379+0000] {dagbag.py:540} INFO - Filling up the DagBag from /home/airflow/.local/lib/python3.8/site-packages/airflow/example_dags/example_bash_operator.py
[2024-03-29T14:45:12.402+0000] {processor.py:840} INFO - DAG(s) 'example_bash_operator' retrieved from /home/airflow/.local/lib/python3.8/site-packages/airflow/example_dags/example_bash_operator.py
[2024-03-29T14:45:12.420+0000] {logging_mixin.py:188} INFO - [2024-03-29T14:45:12.420+0000] {dag.py:3047} INFO - Sync 1 DAGs
[2024-03-29T14:45:12.449+0000] {logging_mixin.py:188} INFO - [2024-03-29T14:45:12.449+0000] {dag.py:3834} INFO - Setting next_dagrun for example_bash_operator to 2024-03-28 00:00:00+00:00, run_after=2024-03-29 00:00:00+00:00
[2024-03-29T14:45:12.475+0000] {processor.py:183} INFO - Processing /home/airflow/.local/lib/python3.8/site-packages/airflow/example_dags/example_bash_operator.py took 0.107 seconds
