[2024-03-29T14:31:38.497+0000] {processor.py:161} INFO - Started process (PID=85) to work on /home/airflow/.local/lib/python3.8/site-packages/airflow/example_dags/example_external_task_marker_dag.py
[2024-03-29T14:31:38.499+0000] {processor.py:830} INFO - Processing file /home/airflow/.local/lib/python3.8/site-packages/airflow/example_dags/example_external_task_marker_dag.py for tasks to queue
[2024-03-29T14:31:38.504+0000] {logging_mixin.py:188} INFO - [2024-03-29T14:31:38.502+0000] {dagbag.py:540} INFO - Filling up the DagBag from /home/airflow/.local/lib/python3.8/site-packages/airflow/example_dags/example_external_task_marker_dag.py
[2024-03-29T14:31:38.512+0000] {processor.py:840} INFO - DAG(s) 'example_external_task_marker_parent', 'example_external_task_marker_child' retrieved from /home/airflow/.local/lib/python3.8/site-packages/airflow/example_dags/example_external_task_marker_dag.py
[2024-03-29T14:31:38.528+0000] {logging_mixin.py:188} INFO - [2024-03-29T14:31:38.527+0000] {dag.py:3047} INFO - Sync 2 DAGs
[2024-03-29T14:31:38.543+0000] {logging_mixin.py:188} INFO - [2024-03-29T14:31:38.543+0000] {dag.py:3834} INFO - Setting next_dagrun for example_external_task_marker_child to None, run_after=None
[2024-03-29T14:31:38.549+0000] {logging_mixin.py:188} INFO - [2024-03-29T14:31:38.549+0000] {dag.py:3834} INFO - Setting next_dagrun for example_external_task_marker_parent to None, run_after=None
[2024-03-29T14:31:38.573+0000] {processor.py:183} INFO - Processing /home/airflow/.local/lib/python3.8/site-packages/airflow/example_dags/example_external_task_marker_dag.py took 0.079 seconds
[2024-03-29T14:32:10.499+0000] {processor.py:161} INFO - Started process (PID=140) to work on /home/airflow/.local/lib/python3.8/site-packages/airflow/example_dags/example_external_task_marker_dag.py
[2024-03-29T14:32:10.500+0000] {processor.py:830} INFO - Processing file /home/airflow/.local/lib/python3.8/site-packages/airflow/example_dags/example_external_task_marker_dag.py for tasks to queue
[2024-03-29T14:32:10.502+0000] {logging_mixin.py:188} INFO - [2024-03-29T14:32:10.502+0000] {dagbag.py:540} INFO - Filling up the DagBag from /home/airflow/.local/lib/python3.8/site-packages/airflow/example_dags/example_external_task_marker_dag.py
[2024-03-29T14:32:10.509+0000] {processor.py:840} INFO - DAG(s) 'example_external_task_marker_child', 'example_external_task_marker_parent' retrieved from /home/airflow/.local/lib/python3.8/site-packages/airflow/example_dags/example_external_task_marker_dag.py
[2024-03-29T14:32:10.624+0000] {logging_mixin.py:188} INFO - [2024-03-29T14:32:10.624+0000] {dag.py:3047} INFO - Sync 2 DAGs
[2024-03-29T14:32:10.636+0000] {logging_mixin.py:188} INFO - [2024-03-29T14:32:10.636+0000] {dag.py:3834} INFO - Setting next_dagrun for example_external_task_marker_child to None, run_after=None
[2024-03-29T14:32:10.640+0000] {logging_mixin.py:188} INFO - [2024-03-29T14:32:10.639+0000] {dag.py:3834} INFO - Setting next_dagrun for example_external_task_marker_parent to None, run_after=None
[2024-03-29T14:32:10.663+0000] {processor.py:183} INFO - Processing /home/airflow/.local/lib/python3.8/site-packages/airflow/example_dags/example_external_task_marker_dag.py took 0.167 seconds
[2024-03-29T14:32:40.867+0000] {processor.py:161} INFO - Started process (PID=195) to work on /home/airflow/.local/lib/python3.8/site-packages/airflow/example_dags/example_external_task_marker_dag.py
[2024-03-29T14:32:40.869+0000] {processor.py:830} INFO - Processing file /home/airflow/.local/lib/python3.8/site-packages/airflow/example_dags/example_external_task_marker_dag.py for tasks to queue
[2024-03-29T14:32:40.871+0000] {logging_mixin.py:188} INFO - [2024-03-29T14:32:40.870+0000] {dagbag.py:540} INFO - Filling up the DagBag from /home/airflow/.local/lib/python3.8/site-packages/airflow/example_dags/example_external_task_marker_dag.py
[2024-03-29T14:32:40.878+0000] {processor.py:840} INFO - DAG(s) 'example_external_task_marker_child', 'example_external_task_marker_parent' retrieved from /home/airflow/.local/lib/python3.8/site-packages/airflow/example_dags/example_external_task_marker_dag.py
[2024-03-29T14:32:40.906+0000] {logging_mixin.py:188} INFO - [2024-03-29T14:32:40.906+0000] {dag.py:3047} INFO - Sync 2 DAGs
[2024-03-29T14:32:40.921+0000] {logging_mixin.py:188} INFO - [2024-03-29T14:32:40.921+0000] {dag.py:3834} INFO - Setting next_dagrun for example_external_task_marker_child to None, run_after=None
[2024-03-29T14:32:40.926+0000] {logging_mixin.py:188} INFO - [2024-03-29T14:32:40.926+0000] {dag.py:3834} INFO - Setting next_dagrun for example_external_task_marker_parent to None, run_after=None
[2024-03-29T14:32:40.948+0000] {processor.py:183} INFO - Processing /home/airflow/.local/lib/python3.8/site-packages/airflow/example_dags/example_external_task_marker_dag.py took 0.084 seconds
[2024-03-29T14:45:12.982+0000] {processor.py:161} INFO - Started process (PID=85) to work on /home/airflow/.local/lib/python3.8/site-packages/airflow/example_dags/example_external_task_marker_dag.py
[2024-03-29T14:45:12.983+0000] {processor.py:830} INFO - Processing file /home/airflow/.local/lib/python3.8/site-packages/airflow/example_dags/example_external_task_marker_dag.py for tasks to queue
[2024-03-29T14:45:12.985+0000] {logging_mixin.py:188} INFO - [2024-03-29T14:45:12.985+0000] {dagbag.py:540} INFO - Filling up the DagBag from /home/airflow/.local/lib/python3.8/site-packages/airflow/example_dags/example_external_task_marker_dag.py
[2024-03-29T14:45:12.991+0000] {processor.py:840} INFO - DAG(s) 'example_external_task_marker_child', 'example_external_task_marker_parent' retrieved from /home/airflow/.local/lib/python3.8/site-packages/airflow/example_dags/example_external_task_marker_dag.py
[2024-03-29T14:45:13.005+0000] {logging_mixin.py:188} INFO - [2024-03-29T14:45:13.005+0000] {dag.py:3047} INFO - Sync 2 DAGs
[2024-03-29T14:45:13.022+0000] {logging_mixin.py:188} INFO - [2024-03-29T14:45:13.021+0000] {dag.py:3834} INFO - Setting next_dagrun for example_external_task_marker_child to None, run_after=None
[2024-03-29T14:45:13.028+0000] {logging_mixin.py:188} INFO - [2024-03-29T14:45:13.027+0000] {dag.py:3834} INFO - Setting next_dagrun for example_external_task_marker_parent to None, run_after=None
[2024-03-29T14:45:13.052+0000] {processor.py:183} INFO - Processing /home/airflow/.local/lib/python3.8/site-packages/airflow/example_dags/example_external_task_marker_dag.py took 0.073 seconds
