[2024-03-29T14:31:38.369+0000] {processor.py:161} INFO - Started process (PID=83) to work on /home/airflow/.local/lib/python3.8/site-packages/airflow/example_dags/example_python_decorator.py
[2024-03-29T14:31:38.370+0000] {processor.py:830} INFO - Processing file /home/airflow/.local/lib/python3.8/site-packages/airflow/example_dags/example_python_decorator.py for tasks to queue
[2024-03-29T14:31:38.373+0000] {logging_mixin.py:188} INFO - [2024-03-29T14:31:38.373+0000] {dagbag.py:540} INFO - Filling up the DagBag from /home/airflow/.local/lib/python3.8/site-packages/airflow/example_dags/example_python_decorator.py
[2024-03-29T14:31:38.391+0000] {processor.py:840} INFO - DAG(s) 'example_python_decorator' retrieved from /home/airflow/.local/lib/python3.8/site-packages/airflow/example_dags/example_python_decorator.py
[2024-03-29T14:31:38.404+0000] {logging_mixin.py:188} INFO - [2024-03-29T14:31:38.404+0000] {dag.py:3047} INFO - Sync 1 DAGs
[2024-03-29T14:31:38.420+0000] {logging_mixin.py:188} INFO - [2024-03-29T14:31:38.420+0000] {dag.py:3834} INFO - Setting next_dagrun for example_python_decorator to None, run_after=None
[2024-03-29T14:31:38.455+0000] {processor.py:183} INFO - Processing /home/airflow/.local/lib/python3.8/site-packages/airflow/example_dags/example_python_decorator.py took 0.091 seconds
[2024-03-29T14:32:10.320+0000] {processor.py:161} INFO - Started process (PID=138) to work on /home/airflow/.local/lib/python3.8/site-packages/airflow/example_dags/example_python_decorator.py
[2024-03-29T14:32:10.321+0000] {processor.py:830} INFO - Processing file /home/airflow/.local/lib/python3.8/site-packages/airflow/example_dags/example_python_decorator.py for tasks to queue
[2024-03-29T14:32:10.323+0000] {logging_mixin.py:188} INFO - [2024-03-29T14:32:10.323+0000] {dagbag.py:540} INFO - Filling up the DagBag from /home/airflow/.local/lib/python3.8/site-packages/airflow/example_dags/example_python_decorator.py
[2024-03-29T14:32:10.336+0000] {processor.py:840} INFO - DAG(s) 'example_python_decorator' retrieved from /home/airflow/.local/lib/python3.8/site-packages/airflow/example_dags/example_python_decorator.py
[2024-03-29T14:32:10.436+0000] {logging_mixin.py:188} INFO - [2024-03-29T14:32:10.436+0000] {dag.py:3047} INFO - Sync 1 DAGs
[2024-03-29T14:32:10.446+0000] {logging_mixin.py:188} INFO - [2024-03-29T14:32:10.446+0000] {dag.py:3834} INFO - Setting next_dagrun for example_python_decorator to None, run_after=None
[2024-03-29T14:32:10.471+0000] {processor.py:183} INFO - Processing /home/airflow/.local/lib/python3.8/site-packages/airflow/example_dags/example_python_decorator.py took 0.155 seconds
[2024-03-29T14:32:40.769+0000] {processor.py:161} INFO - Started process (PID=193) to work on /home/airflow/.local/lib/python3.8/site-packages/airflow/example_dags/example_python_decorator.py
[2024-03-29T14:32:40.770+0000] {processor.py:830} INFO - Processing file /home/airflow/.local/lib/python3.8/site-packages/airflow/example_dags/example_python_decorator.py for tasks to queue
[2024-03-29T14:32:40.772+0000] {logging_mixin.py:188} INFO - [2024-03-29T14:32:40.772+0000] {dagbag.py:540} INFO - Filling up the DagBag from /home/airflow/.local/lib/python3.8/site-packages/airflow/example_dags/example_python_decorator.py
[2024-03-29T14:32:40.784+0000] {processor.py:840} INFO - DAG(s) 'example_python_decorator' retrieved from /home/airflow/.local/lib/python3.8/site-packages/airflow/example_dags/example_python_decorator.py
[2024-03-29T14:32:40.807+0000] {logging_mixin.py:188} INFO - [2024-03-29T14:32:40.807+0000] {dag.py:3047} INFO - Sync 1 DAGs
[2024-03-29T14:32:40.819+0000] {logging_mixin.py:188} INFO - [2024-03-29T14:32:40.819+0000] {dag.py:3834} INFO - Setting next_dagrun for example_python_decorator to None, run_after=None
[2024-03-29T14:32:40.841+0000] {processor.py:183} INFO - Processing /home/airflow/.local/lib/python3.8/site-packages/airflow/example_dags/example_python_decorator.py took 0.076 seconds
[2024-03-29T14:45:12.883+0000] {processor.py:161} INFO - Started process (PID=83) to work on /home/airflow/.local/lib/python3.8/site-packages/airflow/example_dags/example_python_decorator.py
[2024-03-29T14:45:12.884+0000] {processor.py:830} INFO - Processing file /home/airflow/.local/lib/python3.8/site-packages/airflow/example_dags/example_python_decorator.py for tasks to queue
[2024-03-29T14:45:12.886+0000] {logging_mixin.py:188} INFO - [2024-03-29T14:45:12.886+0000] {dagbag.py:540} INFO - Filling up the DagBag from /home/airflow/.local/lib/python3.8/site-packages/airflow/example_dags/example_python_decorator.py
[2024-03-29T14:45:12.902+0000] {processor.py:840} INFO - DAG(s) 'example_python_decorator' retrieved from /home/airflow/.local/lib/python3.8/site-packages/airflow/example_dags/example_python_decorator.py
[2024-03-29T14:45:12.917+0000] {logging_mixin.py:188} INFO - [2024-03-29T14:45:12.917+0000] {dag.py:3047} INFO - Sync 1 DAGs
[2024-03-29T14:45:12.930+0000] {logging_mixin.py:188} INFO - [2024-03-29T14:45:12.930+0000] {dag.py:3834} INFO - Setting next_dagrun for example_python_decorator to None, run_after=None
[2024-03-29T14:45:12.952+0000] {processor.py:183} INFO - Processing /home/airflow/.local/lib/python3.8/site-packages/airflow/example_dags/example_python_decorator.py took 0.073 seconds
