[2024-03-29T14:31:35.612+0000] {processor.py:161} INFO - Started process (PID=45) to work on /home/airflow/.local/lib/python3.8/site-packages/airflow/example_dags/example_short_circuit_operator.py
[2024-03-29T14:31:35.613+0000] {processor.py:830} INFO - Processing file /home/airflow/.local/lib/python3.8/site-packages/airflow/example_dags/example_short_circuit_operator.py for tasks to queue
[2024-03-29T14:31:35.616+0000] {logging_mixin.py:188} INFO - [2024-03-29T14:31:35.616+0000] {dagbag.py:540} INFO - Filling up the DagBag from /home/airflow/.local/lib/python3.8/site-packages/airflow/example_dags/example_short_circuit_operator.py
[2024-03-29T14:31:35.629+0000] {processor.py:840} INFO - DAG(s) 'example_short_circuit_operator' retrieved from /home/airflow/.local/lib/python3.8/site-packages/airflow/example_dags/example_short_circuit_operator.py
[2024-03-29T14:31:35.642+0000] {logging_mixin.py:188} INFO - [2024-03-29T14:31:35.642+0000] {dag.py:3047} INFO - Sync 1 DAGs
[2024-03-29T14:31:35.671+0000] {logging_mixin.py:188} INFO - [2024-03-29T14:31:35.670+0000] {dag.py:3834} INFO - Setting next_dagrun for example_short_circuit_operator to 2024-03-28 00:00:00+00:00, run_after=2024-03-29 00:00:00+00:00
[2024-03-29T14:31:35.695+0000] {processor.py:183} INFO - Processing /home/airflow/.local/lib/python3.8/site-packages/airflow/example_dags/example_short_circuit_operator.py took 0.088 seconds
[2024-03-29T14:32:06.127+0000] {processor.py:161} INFO - Started process (PID=100) to work on /home/airflow/.local/lib/python3.8/site-packages/airflow/example_dags/example_short_circuit_operator.py
[2024-03-29T14:32:06.128+0000] {processor.py:830} INFO - Processing file /home/airflow/.local/lib/python3.8/site-packages/airflow/example_dags/example_short_circuit_operator.py for tasks to queue
[2024-03-29T14:32:06.131+0000] {logging_mixin.py:188} INFO - [2024-03-29T14:32:06.130+0000] {dagbag.py:540} INFO - Filling up the DagBag from /home/airflow/.local/lib/python3.8/site-packages/airflow/example_dags/example_short_circuit_operator.py
[2024-03-29T14:32:06.139+0000] {processor.py:840} INFO - DAG(s) 'example_short_circuit_operator' retrieved from /home/airflow/.local/lib/python3.8/site-packages/airflow/example_dags/example_short_circuit_operator.py
[2024-03-29T14:32:06.244+0000] {logging_mixin.py:188} INFO - [2024-03-29T14:32:06.244+0000] {dag.py:3047} INFO - Sync 1 DAGs
[2024-03-29T14:32:06.265+0000] {logging_mixin.py:188} INFO - [2024-03-29T14:32:06.265+0000] {dag.py:3834} INFO - Setting next_dagrun for example_short_circuit_operator to 2024-03-28 00:00:00+00:00, run_after=2024-03-29 00:00:00+00:00
[2024-03-29T14:32:06.287+0000] {processor.py:183} INFO - Processing /home/airflow/.local/lib/python3.8/site-packages/airflow/example_dags/example_short_circuit_operator.py took 0.163 seconds
[2024-03-29T14:32:36.324+0000] {processor.py:161} INFO - Started process (PID=155) to work on /home/airflow/.local/lib/python3.8/site-packages/airflow/example_dags/example_short_circuit_operator.py
[2024-03-29T14:32:36.325+0000] {processor.py:830} INFO - Processing file /home/airflow/.local/lib/python3.8/site-packages/airflow/example_dags/example_short_circuit_operator.py for tasks to queue
[2024-03-29T14:32:36.328+0000] {logging_mixin.py:188} INFO - [2024-03-29T14:32:36.328+0000] {dagbag.py:540} INFO - Filling up the DagBag from /home/airflow/.local/lib/python3.8/site-packages/airflow/example_dags/example_short_circuit_operator.py
[2024-03-29T14:32:36.338+0000] {processor.py:840} INFO - DAG(s) 'example_short_circuit_operator' retrieved from /home/airflow/.local/lib/python3.8/site-packages/airflow/example_dags/example_short_circuit_operator.py
[2024-03-29T14:32:36.364+0000] {logging_mixin.py:188} INFO - [2024-03-29T14:32:36.363+0000] {dag.py:3047} INFO - Sync 1 DAGs
[2024-03-29T14:32:36.389+0000] {logging_mixin.py:188} INFO - [2024-03-29T14:32:36.388+0000] {dag.py:3834} INFO - Setting next_dagrun for example_short_circuit_operator to 2024-03-28 00:00:00+00:00, run_after=2024-03-29 00:00:00+00:00
[2024-03-29T14:32:36.409+0000] {processor.py:183} INFO - Processing /home/airflow/.local/lib/python3.8/site-packages/airflow/example_dags/example_short_circuit_operator.py took 0.089 seconds
[2024-03-29T14:33:06.641+0000] {processor.py:161} INFO - Started process (PID=211) to work on /home/airflow/.local/lib/python3.8/site-packages/airflow/example_dags/example_short_circuit_operator.py
[2024-03-29T14:33:06.643+0000] {processor.py:830} INFO - Processing file /home/airflow/.local/lib/python3.8/site-packages/airflow/example_dags/example_short_circuit_operator.py for tasks to queue
[2024-03-29T14:33:06.644+0000] {logging_mixin.py:188} INFO - [2024-03-29T14:33:06.644+0000] {dagbag.py:540} INFO - Filling up the DagBag from /home/airflow/.local/lib/python3.8/site-packages/airflow/example_dags/example_short_circuit_operator.py
[2024-03-29T14:33:06.652+0000] {processor.py:840} INFO - DAG(s) 'example_short_circuit_operator' retrieved from /home/airflow/.local/lib/python3.8/site-packages/airflow/example_dags/example_short_circuit_operator.py
[2024-03-29T14:33:06.677+0000] {logging_mixin.py:188} INFO - [2024-03-29T14:33:06.676+0000] {dag.py:3047} INFO - Sync 1 DAGs
[2024-03-29T14:33:06.701+0000] {logging_mixin.py:188} INFO - [2024-03-29T14:33:06.701+0000] {dag.py:3834} INFO - Setting next_dagrun for example_short_circuit_operator to 2024-03-28 00:00:00+00:00, run_after=2024-03-29 00:00:00+00:00
[2024-03-29T14:33:06.722+0000] {processor.py:183} INFO - Processing /home/airflow/.local/lib/python3.8/site-packages/airflow/example_dags/example_short_circuit_operator.py took 0.084 seconds
[2024-03-29T14:45:10.089+0000] {processor.py:161} INFO - Started process (PID=45) to work on /home/airflow/.local/lib/python3.8/site-packages/airflow/example_dags/example_short_circuit_operator.py
[2024-03-29T14:45:10.090+0000] {processor.py:830} INFO - Processing file /home/airflow/.local/lib/python3.8/site-packages/airflow/example_dags/example_short_circuit_operator.py for tasks to queue
[2024-03-29T14:45:10.092+0000] {logging_mixin.py:188} INFO - [2024-03-29T14:45:10.091+0000] {dagbag.py:540} INFO - Filling up the DagBag from /home/airflow/.local/lib/python3.8/site-packages/airflow/example_dags/example_short_circuit_operator.py
[2024-03-29T14:45:10.104+0000] {processor.py:840} INFO - DAG(s) 'example_short_circuit_operator' retrieved from /home/airflow/.local/lib/python3.8/site-packages/airflow/example_dags/example_short_circuit_operator.py
[2024-03-29T14:45:10.129+0000] {logging_mixin.py:188} INFO - [2024-03-29T14:45:10.129+0000] {dag.py:3047} INFO - Sync 1 DAGs
[2024-03-29T14:45:10.176+0000] {logging_mixin.py:188} INFO - [2024-03-29T14:45:10.175+0000] {dag.py:3834} INFO - Setting next_dagrun for example_short_circuit_operator to 2024-03-28 00:00:00+00:00, run_after=2024-03-29 00:00:00+00:00
[2024-03-29T14:45:10.215+0000] {processor.py:183} INFO - Processing /home/airflow/.local/lib/python3.8/site-packages/airflow/example_dags/example_short_circuit_operator.py took 0.130 seconds
