[2024-03-29T14:31:36.816+0000] {processor.py:161} INFO - Started process (PID=59) to work on /home/airflow/.local/lib/python3.8/site-packages/airflow/example_dags/example_params_trigger_ui.py
[2024-03-29T14:31:36.817+0000] {processor.py:830} INFO - Processing file /home/airflow/.local/lib/python3.8/site-packages/airflow/example_dags/example_params_trigger_ui.py for tasks to queue
[2024-03-29T14:31:36.820+0000] {logging_mixin.py:188} INFO - [2024-03-29T14:31:36.820+0000] {dagbag.py:540} INFO - Filling up the DagBag from /home/airflow/.local/lib/python3.8/site-packages/airflow/example_dags/example_params_trigger_ui.py
[2024-03-29T14:31:36.842+0000] {processor.py:840} INFO - DAG(s) 'example_params_trigger_ui' retrieved from /home/airflow/.local/lib/python3.8/site-packages/airflow/example_dags/example_params_trigger_ui.py
[2024-03-29T14:31:36.857+0000] {logging_mixin.py:188} INFO - [2024-03-29T14:31:36.857+0000] {dag.py:3047} INFO - Sync 1 DAGs
[2024-03-29T14:31:36.879+0000] {logging_mixin.py:188} INFO - [2024-03-29T14:31:36.879+0000] {dag.py:3834} INFO - Setting next_dagrun for example_params_trigger_ui to None, run_after=None
[2024-03-29T14:31:36.918+0000] {processor.py:183} INFO - Processing /home/airflow/.local/lib/python3.8/site-packages/airflow/example_dags/example_params_trigger_ui.py took 0.108 seconds
[2024-03-29T14:32:07.564+0000] {processor.py:161} INFO - Started process (PID=114) to work on /home/airflow/.local/lib/python3.8/site-packages/airflow/example_dags/example_params_trigger_ui.py
[2024-03-29T14:32:07.566+0000] {processor.py:830} INFO - Processing file /home/airflow/.local/lib/python3.8/site-packages/airflow/example_dags/example_params_trigger_ui.py for tasks to queue
[2024-03-29T14:32:07.568+0000] {logging_mixin.py:188} INFO - [2024-03-29T14:32:07.568+0000] {dagbag.py:540} INFO - Filling up the DagBag from /home/airflow/.local/lib/python3.8/site-packages/airflow/example_dags/example_params_trigger_ui.py
[2024-03-29T14:32:07.584+0000] {processor.py:840} INFO - DAG(s) 'example_params_trigger_ui' retrieved from /home/airflow/.local/lib/python3.8/site-packages/airflow/example_dags/example_params_trigger_ui.py
[2024-03-29T14:32:07.741+0000] {logging_mixin.py:188} INFO - [2024-03-29T14:32:07.741+0000] {dag.py:3047} INFO - Sync 1 DAGs
[2024-03-29T14:32:07.757+0000] {logging_mixin.py:188} INFO - [2024-03-29T14:32:07.757+0000] {dag.py:3834} INFO - Setting next_dagrun for example_params_trigger_ui to None, run_after=None
[2024-03-29T14:32:07.783+0000] {processor.py:183} INFO - Processing /home/airflow/.local/lib/python3.8/site-packages/airflow/example_dags/example_params_trigger_ui.py took 0.223 seconds
[2024-03-29T14:32:38.331+0000] {processor.py:161} INFO - Started process (PID=169) to work on /home/airflow/.local/lib/python3.8/site-packages/airflow/example_dags/example_params_trigger_ui.py
[2024-03-29T14:32:38.332+0000] {processor.py:830} INFO - Processing file /home/airflow/.local/lib/python3.8/site-packages/airflow/example_dags/example_params_trigger_ui.py for tasks to queue
[2024-03-29T14:32:38.334+0000] {logging_mixin.py:188} INFO - [2024-03-29T14:32:38.334+0000] {dagbag.py:540} INFO - Filling up the DagBag from /home/airflow/.local/lib/python3.8/site-packages/airflow/example_dags/example_params_trigger_ui.py
[2024-03-29T14:32:38.348+0000] {processor.py:840} INFO - DAG(s) 'example_params_trigger_ui' retrieved from /home/airflow/.local/lib/python3.8/site-packages/airflow/example_dags/example_params_trigger_ui.py
[2024-03-29T14:32:38.401+0000] {logging_mixin.py:188} INFO - [2024-03-29T14:32:38.401+0000] {dag.py:3047} INFO - Sync 1 DAGs
[2024-03-29T14:32:38.412+0000] {logging_mixin.py:188} INFO - [2024-03-29T14:32:38.412+0000] {dag.py:3834} INFO - Setting next_dagrun for example_params_trigger_ui to None, run_after=None
[2024-03-29T14:32:38.435+0000] {processor.py:183} INFO - Processing /home/airflow/.local/lib/python3.8/site-packages/airflow/example_dags/example_params_trigger_ui.py took 0.108 seconds
[2024-03-29T14:33:08.693+0000] {processor.py:161} INFO - Started process (PID=225) to work on /home/airflow/.local/lib/python3.8/site-packages/airflow/example_dags/example_params_trigger_ui.py
[2024-03-29T14:33:08.695+0000] {processor.py:830} INFO - Processing file /home/airflow/.local/lib/python3.8/site-packages/airflow/example_dags/example_params_trigger_ui.py for tasks to queue
[2024-03-29T14:33:08.697+0000] {logging_mixin.py:188} INFO - [2024-03-29T14:33:08.697+0000] {dagbag.py:540} INFO - Filling up the DagBag from /home/airflow/.local/lib/python3.8/site-packages/airflow/example_dags/example_params_trigger_ui.py
[2024-03-29T14:33:08.710+0000] {processor.py:840} INFO - DAG(s) 'example_params_trigger_ui' retrieved from /home/airflow/.local/lib/python3.8/site-packages/airflow/example_dags/example_params_trigger_ui.py
[2024-03-29T14:33:08.766+0000] {logging_mixin.py:188} INFO - [2024-03-29T14:33:08.766+0000] {dag.py:3047} INFO - Sync 1 DAGs
[2024-03-29T14:33:08.779+0000] {logging_mixin.py:188} INFO - [2024-03-29T14:33:08.779+0000] {dag.py:3834} INFO - Setting next_dagrun for example_params_trigger_ui to None, run_after=None
[2024-03-29T14:33:08.800+0000] {processor.py:183} INFO - Processing /home/airflow/.local/lib/python3.8/site-packages/airflow/example_dags/example_params_trigger_ui.py took 0.110 seconds
[2024-03-29T14:45:11.163+0000] {processor.py:161} INFO - Started process (PID=59) to work on /home/airflow/.local/lib/python3.8/site-packages/airflow/example_dags/example_params_trigger_ui.py
[2024-03-29T14:45:11.165+0000] {processor.py:830} INFO - Processing file /home/airflow/.local/lib/python3.8/site-packages/airflow/example_dags/example_params_trigger_ui.py for tasks to queue
[2024-03-29T14:45:11.168+0000] {logging_mixin.py:188} INFO - [2024-03-29T14:45:11.167+0000] {dagbag.py:540} INFO - Filling up the DagBag from /home/airflow/.local/lib/python3.8/site-packages/airflow/example_dags/example_params_trigger_ui.py
[2024-03-29T14:45:11.185+0000] {processor.py:840} INFO - DAG(s) 'example_params_trigger_ui' retrieved from /home/airflow/.local/lib/python3.8/site-packages/airflow/example_dags/example_params_trigger_ui.py
[2024-03-29T14:45:11.198+0000] {logging_mixin.py:188} INFO - [2024-03-29T14:45:11.198+0000] {dag.py:3047} INFO - Sync 1 DAGs
[2024-03-29T14:45:11.218+0000] {logging_mixin.py:188} INFO - [2024-03-29T14:45:11.218+0000] {dag.py:3834} INFO - Setting next_dagrun for example_params_trigger_ui to None, run_after=None
[2024-03-29T14:45:11.243+0000] {processor.py:183} INFO - Processing /home/airflow/.local/lib/python3.8/site-packages/airflow/example_dags/example_params_trigger_ui.py took 0.084 seconds
