[2024-03-29T14:31:37.581+0000] {processor.py:161} INFO - Started process (PID=71) to work on /home/airflow/.local/lib/python3.8/site-packages/airflow/example_dags/example_branch_operator.py
[2024-03-29T14:31:37.583+0000] {processor.py:830} INFO - Processing file /home/airflow/.local/lib/python3.8/site-packages/airflow/example_dags/example_branch_operator.py for tasks to queue
[2024-03-29T14:31:37.586+0000] {logging_mixin.py:188} INFO - [2024-03-29T14:31:37.586+0000] {dagbag.py:540} INFO - Filling up the DagBag from /home/airflow/.local/lib/python3.8/site-packages/airflow/example_dags/example_branch_operator.py
[2024-03-29T14:31:37.618+0000] {processor.py:840} INFO - DAG(s) 'example_branch_operator' retrieved from /home/airflow/.local/lib/python3.8/site-packages/airflow/example_dags/example_branch_operator.py
[2024-03-29T14:31:37.636+0000] {logging_mixin.py:188} INFO - [2024-03-29T14:31:37.635+0000] {dag.py:3047} INFO - Sync 1 DAGs
[2024-03-29T14:31:37.667+0000] {logging_mixin.py:188} INFO - [2024-03-29T14:31:37.667+0000] {dag.py:3834} INFO - Setting next_dagrun for example_branch_operator to 2024-03-28 00:00:00+00:00, run_after=2024-03-29 00:00:00+00:00
[2024-03-29T14:31:37.698+0000] {processor.py:183} INFO - Processing /home/airflow/.local/lib/python3.8/site-packages/airflow/example_dags/example_branch_operator.py took 0.122 seconds
[2024-03-29T14:32:09.108+0000] {processor.py:161} INFO - Started process (PID=126) to work on /home/airflow/.local/lib/python3.8/site-packages/airflow/example_dags/example_branch_operator.py
[2024-03-29T14:32:09.109+0000] {processor.py:830} INFO - Processing file /home/airflow/.local/lib/python3.8/site-packages/airflow/example_dags/example_branch_operator.py for tasks to queue
[2024-03-29T14:32:09.112+0000] {logging_mixin.py:188} INFO - [2024-03-29T14:32:09.112+0000] {dagbag.py:540} INFO - Filling up the DagBag from /home/airflow/.local/lib/python3.8/site-packages/airflow/example_dags/example_branch_operator.py
[2024-03-29T14:32:09.132+0000] {processor.py:840} INFO - DAG(s) 'example_branch_operator' retrieved from /home/airflow/.local/lib/python3.8/site-packages/airflow/example_dags/example_branch_operator.py
[2024-03-29T14:32:09.245+0000] {logging_mixin.py:188} INFO - [2024-03-29T14:32:09.244+0000] {dag.py:3047} INFO - Sync 1 DAGs
[2024-03-29T14:32:09.270+0000] {logging_mixin.py:188} INFO - [2024-03-29T14:32:09.269+0000] {dag.py:3834} INFO - Setting next_dagrun for example_branch_operator to 2024-03-28 00:00:00+00:00, run_after=2024-03-29 00:00:00+00:00
[2024-03-29T14:32:09.297+0000] {processor.py:183} INFO - Processing /home/airflow/.local/lib/python3.8/site-packages/airflow/example_dags/example_branch_operator.py took 0.194 seconds
[2024-03-29T14:32:40.106+0000] {processor.py:161} INFO - Started process (PID=181) to work on /home/airflow/.local/lib/python3.8/site-packages/airflow/example_dags/example_branch_operator.py
[2024-03-29T14:32:40.107+0000] {processor.py:830} INFO - Processing file /home/airflow/.local/lib/python3.8/site-packages/airflow/example_dags/example_branch_operator.py for tasks to queue
[2024-03-29T14:32:40.109+0000] {logging_mixin.py:188} INFO - [2024-03-29T14:32:40.109+0000] {dagbag.py:540} INFO - Filling up the DagBag from /home/airflow/.local/lib/python3.8/site-packages/airflow/example_dags/example_branch_operator.py
[2024-03-29T14:32:40.126+0000] {processor.py:840} INFO - DAG(s) 'example_branch_operator' retrieved from /home/airflow/.local/lib/python3.8/site-packages/airflow/example_dags/example_branch_operator.py
[2024-03-29T14:32:40.161+0000] {logging_mixin.py:188} INFO - [2024-03-29T14:32:40.160+0000] {dag.py:3047} INFO - Sync 1 DAGs
[2024-03-29T14:32:40.191+0000] {logging_mixin.py:188} INFO - [2024-03-29T14:32:40.191+0000] {dag.py:3834} INFO - Setting next_dagrun for example_branch_operator to 2024-03-28 00:00:00+00:00, run_after=2024-03-29 00:00:00+00:00
[2024-03-29T14:32:40.216+0000] {processor.py:183} INFO - Processing /home/airflow/.local/lib/python3.8/site-packages/airflow/example_dags/example_branch_operator.py took 0.113 seconds
[2024-03-29T14:45:12.134+0000] {processor.py:161} INFO - Started process (PID=71) to work on /home/airflow/.local/lib/python3.8/site-packages/airflow/example_dags/example_branch_operator.py
[2024-03-29T14:45:12.136+0000] {processor.py:830} INFO - Processing file /home/airflow/.local/lib/python3.8/site-packages/airflow/example_dags/example_branch_operator.py for tasks to queue
[2024-03-29T14:45:12.139+0000] {logging_mixin.py:188} INFO - [2024-03-29T14:45:12.138+0000] {dagbag.py:540} INFO - Filling up the DagBag from /home/airflow/.local/lib/python3.8/site-packages/airflow/example_dags/example_branch_operator.py
[2024-03-29T14:45:12.163+0000] {processor.py:840} INFO - DAG(s) 'example_branch_operator' retrieved from /home/airflow/.local/lib/python3.8/site-packages/airflow/example_dags/example_branch_operator.py
[2024-03-29T14:45:12.177+0000] {logging_mixin.py:188} INFO - [2024-03-29T14:45:12.177+0000] {dag.py:3047} INFO - Sync 1 DAGs
[2024-03-29T14:45:12.208+0000] {logging_mixin.py:188} INFO - [2024-03-29T14:45:12.207+0000] {dag.py:3834} INFO - Setting next_dagrun for example_branch_operator to 2024-03-28 00:00:00+00:00, run_after=2024-03-29 00:00:00+00:00
[2024-03-29T14:45:12.234+0000] {processor.py:183} INFO - Processing /home/airflow/.local/lib/python3.8/site-packages/airflow/example_dags/example_branch_operator.py took 0.105 seconds
