[2024-03-29T14:31:36.701+0000] {processor.py:161} INFO - Started process (PID=57) to work on /home/airflow/.local/lib/python3.8/site-packages/airflow/example_dags/example_skip_dag.py
[2024-03-29T14:31:36.703+0000] {processor.py:830} INFO - Processing file /home/airflow/.local/lib/python3.8/site-packages/airflow/example_dags/example_skip_dag.py for tasks to queue
[2024-03-29T14:31:36.707+0000] {logging_mixin.py:188} INFO - [2024-03-29T14:31:36.707+0000] {dagbag.py:540} INFO - Filling up the DagBag from /home/airflow/.local/lib/python3.8/site-packages/airflow/example_dags/example_skip_dag.py
[2024-03-29T14:31:36.721+0000] {processor.py:840} INFO - DAG(s) 'example_skip_dag' retrieved from /home/airflow/.local/lib/python3.8/site-packages/airflow/example_dags/example_skip_dag.py
[2024-03-29T14:31:36.734+0000] {logging_mixin.py:188} INFO - [2024-03-29T14:31:36.734+0000] {dag.py:3047} INFO - Sync 1 DAGs
[2024-03-29T14:31:36.758+0000] {logging_mixin.py:188} INFO - [2024-03-29T14:31:36.758+0000] {dag.py:3834} INFO - Setting next_dagrun for example_skip_dag to 2024-03-28 00:00:00+00:00, run_after=2024-03-29 00:00:00+00:00
[2024-03-29T14:31:36.783+0000] {processor.py:183} INFO - Processing /home/airflow/.local/lib/python3.8/site-packages/airflow/example_dags/example_skip_dag.py took 0.089 seconds
[2024-03-29T14:32:07.365+0000] {processor.py:161} INFO - Started process (PID=112) to work on /home/airflow/.local/lib/python3.8/site-packages/airflow/example_dags/example_skip_dag.py
[2024-03-29T14:32:07.366+0000] {processor.py:830} INFO - Processing file /home/airflow/.local/lib/python3.8/site-packages/airflow/example_dags/example_skip_dag.py for tasks to queue
[2024-03-29T14:32:07.368+0000] {logging_mixin.py:188} INFO - [2024-03-29T14:32:07.368+0000] {dagbag.py:540} INFO - Filling up the DagBag from /home/airflow/.local/lib/python3.8/site-packages/airflow/example_dags/example_skip_dag.py
[2024-03-29T14:32:07.376+0000] {processor.py:840} INFO - DAG(s) 'example_skip_dag' retrieved from /home/airflow/.local/lib/python3.8/site-packages/airflow/example_dags/example_skip_dag.py
[2024-03-29T14:32:07.487+0000] {logging_mixin.py:188} INFO - [2024-03-29T14:32:07.487+0000] {dag.py:3047} INFO - Sync 1 DAGs
[2024-03-29T14:32:07.510+0000] {logging_mixin.py:188} INFO - [2024-03-29T14:32:07.510+0000] {dag.py:3834} INFO - Setting next_dagrun for example_skip_dag to 2024-03-28 00:00:00+00:00, run_after=2024-03-29 00:00:00+00:00
[2024-03-29T14:32:07.537+0000] {processor.py:183} INFO - Processing /home/airflow/.local/lib/python3.8/site-packages/airflow/example_dags/example_skip_dag.py took 0.175 seconds
[2024-03-29T14:32:38.223+0000] {processor.py:161} INFO - Started process (PID=167) to work on /home/airflow/.local/lib/python3.8/site-packages/airflow/example_dags/example_skip_dag.py
[2024-03-29T14:32:38.224+0000] {processor.py:830} INFO - Processing file /home/airflow/.local/lib/python3.8/site-packages/airflow/example_dags/example_skip_dag.py for tasks to queue
[2024-03-29T14:32:38.226+0000] {logging_mixin.py:188} INFO - [2024-03-29T14:32:38.226+0000] {dagbag.py:540} INFO - Filling up the DagBag from /home/airflow/.local/lib/python3.8/site-packages/airflow/example_dags/example_skip_dag.py
[2024-03-29T14:32:38.233+0000] {processor.py:840} INFO - DAG(s) 'example_skip_dag' retrieved from /home/airflow/.local/lib/python3.8/site-packages/airflow/example_dags/example_skip_dag.py
[2024-03-29T14:32:38.257+0000] {logging_mixin.py:188} INFO - [2024-03-29T14:32:38.256+0000] {dag.py:3047} INFO - Sync 1 DAGs
[2024-03-29T14:32:38.280+0000] {logging_mixin.py:188} INFO - [2024-03-29T14:32:38.280+0000] {dag.py:3834} INFO - Setting next_dagrun for example_skip_dag to 2024-03-28 00:00:00+00:00, run_after=2024-03-29 00:00:00+00:00
[2024-03-29T14:32:38.304+0000] {processor.py:183} INFO - Processing /home/airflow/.local/lib/python3.8/site-packages/airflow/example_dags/example_skip_dag.py took 0.084 seconds
[2024-03-29T14:33:08.584+0000] {processor.py:161} INFO - Started process (PID=223) to work on /home/airflow/.local/lib/python3.8/site-packages/airflow/example_dags/example_skip_dag.py
[2024-03-29T14:33:08.586+0000] {processor.py:830} INFO - Processing file /home/airflow/.local/lib/python3.8/site-packages/airflow/example_dags/example_skip_dag.py for tasks to queue
[2024-03-29T14:33:08.588+0000] {logging_mixin.py:188} INFO - [2024-03-29T14:33:08.588+0000] {dagbag.py:540} INFO - Filling up the DagBag from /home/airflow/.local/lib/python3.8/site-packages/airflow/example_dags/example_skip_dag.py
[2024-03-29T14:33:08.595+0000] {processor.py:840} INFO - DAG(s) 'example_skip_dag' retrieved from /home/airflow/.local/lib/python3.8/site-packages/airflow/example_dags/example_skip_dag.py
[2024-03-29T14:33:08.620+0000] {logging_mixin.py:188} INFO - [2024-03-29T14:33:08.620+0000] {dag.py:3047} INFO - Sync 1 DAGs
[2024-03-29T14:33:08.644+0000] {logging_mixin.py:188} INFO - [2024-03-29T14:33:08.644+0000] {dag.py:3834} INFO - Setting next_dagrun for example_skip_dag to 2024-03-28 00:00:00+00:00, run_after=2024-03-29 00:00:00+00:00
[2024-03-29T14:33:08.667+0000] {processor.py:183} INFO - Processing /home/airflow/.local/lib/python3.8/site-packages/airflow/example_dags/example_skip_dag.py took 0.086 seconds
[2024-03-29T14:45:11.045+0000] {processor.py:161} INFO - Started process (PID=57) to work on /home/airflow/.local/lib/python3.8/site-packages/airflow/example_dags/example_skip_dag.py
[2024-03-29T14:45:11.046+0000] {processor.py:830} INFO - Processing file /home/airflow/.local/lib/python3.8/site-packages/airflow/example_dags/example_skip_dag.py for tasks to queue
[2024-03-29T14:45:11.049+0000] {logging_mixin.py:188} INFO - [2024-03-29T14:45:11.049+0000] {dagbag.py:540} INFO - Filling up the DagBag from /home/airflow/.local/lib/python3.8/site-packages/airflow/example_dags/example_skip_dag.py
[2024-03-29T14:45:11.059+0000] {processor.py:840} INFO - DAG(s) 'example_skip_dag' retrieved from /home/airflow/.local/lib/python3.8/site-packages/airflow/example_dags/example_skip_dag.py
[2024-03-29T14:45:11.075+0000] {logging_mixin.py:188} INFO - [2024-03-29T14:45:11.075+0000] {dag.py:3047} INFO - Sync 1 DAGs
[2024-03-29T14:45:11.105+0000] {logging_mixin.py:188} INFO - [2024-03-29T14:45:11.105+0000] {dag.py:3834} INFO - Setting next_dagrun for example_skip_dag to 2024-03-28 00:00:00+00:00, run_after=2024-03-29 00:00:00+00:00
[2024-03-29T14:45:11.132+0000] {processor.py:183} INFO - Processing /home/airflow/.local/lib/python3.8/site-packages/airflow/example_dags/example_skip_dag.py took 0.091 seconds
