[2024-03-29T14:31:35.861+0000] {processor.py:161} INFO - Started process (PID=49) to work on /home/airflow/.local/lib/python3.8/site-packages/airflow/example_dags/example_branch_labels.py
[2024-03-29T14:31:35.862+0000] {processor.py:830} INFO - Processing file /home/airflow/.local/lib/python3.8/site-packages/airflow/example_dags/example_branch_labels.py for tasks to queue
[2024-03-29T14:31:35.867+0000] {logging_mixin.py:188} INFO - [2024-03-29T14:31:35.866+0000] {dagbag.py:540} INFO - Filling up the DagBag from /home/airflow/.local/lib/python3.8/site-packages/airflow/example_dags/example_branch_labels.py
[2024-03-29T14:31:35.880+0000] {processor.py:840} INFO - DAG(s) 'example_branch_labels' retrieved from /home/airflow/.local/lib/python3.8/site-packages/airflow/example_dags/example_branch_labels.py
[2024-03-29T14:31:35.896+0000] {logging_mixin.py:188} INFO - [2024-03-29T14:31:35.896+0000] {dag.py:3047} INFO - Sync 1 DAGs
[2024-03-29T14:31:35.929+0000] {logging_mixin.py:188} INFO - [2024-03-29T14:31:35.929+0000] {dag.py:3834} INFO - Setting next_dagrun for example_branch_labels to 2024-03-28 00:00:00+00:00, run_after=2024-03-29 00:00:00+00:00
[2024-03-29T14:31:35.959+0000] {processor.py:183} INFO - Processing /home/airflow/.local/lib/python3.8/site-packages/airflow/example_dags/example_branch_labels.py took 0.102 seconds
[2024-03-29T14:32:06.519+0000] {processor.py:161} INFO - Started process (PID=104) to work on /home/airflow/.local/lib/python3.8/site-packages/airflow/example_dags/example_branch_labels.py
[2024-03-29T14:32:06.520+0000] {processor.py:830} INFO - Processing file /home/airflow/.local/lib/python3.8/site-packages/airflow/example_dags/example_branch_labels.py for tasks to queue
[2024-03-29T14:32:06.522+0000] {logging_mixin.py:188} INFO - [2024-03-29T14:32:06.522+0000] {dagbag.py:540} INFO - Filling up the DagBag from /home/airflow/.local/lib/python3.8/site-packages/airflow/example_dags/example_branch_labels.py
[2024-03-29T14:32:06.531+0000] {processor.py:840} INFO - DAG(s) 'example_branch_labels' retrieved from /home/airflow/.local/lib/python3.8/site-packages/airflow/example_dags/example_branch_labels.py
[2024-03-29T14:32:06.637+0000] {logging_mixin.py:188} INFO - [2024-03-29T14:32:06.637+0000] {dag.py:3047} INFO - Sync 1 DAGs
[2024-03-29T14:32:06.659+0000] {logging_mixin.py:188} INFO - [2024-03-29T14:32:06.659+0000] {dag.py:3834} INFO - Setting next_dagrun for example_branch_labels to 2024-03-28 00:00:00+00:00, run_after=2024-03-29 00:00:00+00:00
[2024-03-29T14:32:06.683+0000] {processor.py:183} INFO - Processing /home/airflow/.local/lib/python3.8/site-packages/airflow/example_dags/example_branch_labels.py took 0.167 seconds
[2024-03-29T14:32:36.726+0000] {processor.py:161} INFO - Started process (PID=160) to work on /home/airflow/.local/lib/python3.8/site-packages/airflow/example_dags/example_branch_labels.py
[2024-03-29T14:32:36.728+0000] {processor.py:830} INFO - Processing file /home/airflow/.local/lib/python3.8/site-packages/airflow/example_dags/example_branch_labels.py for tasks to queue
[2024-03-29T14:32:36.730+0000] {logging_mixin.py:188} INFO - [2024-03-29T14:32:36.729+0000] {dagbag.py:540} INFO - Filling up the DagBag from /home/airflow/.local/lib/python3.8/site-packages/airflow/example_dags/example_branch_labels.py
[2024-03-29T14:32:36.742+0000] {processor.py:840} INFO - DAG(s) 'example_branch_labels' retrieved from /home/airflow/.local/lib/python3.8/site-packages/airflow/example_dags/example_branch_labels.py
[2024-03-29T14:32:36.768+0000] {logging_mixin.py:188} INFO - [2024-03-29T14:32:36.768+0000] {dag.py:3047} INFO - Sync 1 DAGs
[2024-03-29T14:32:36.795+0000] {logging_mixin.py:188} INFO - [2024-03-29T14:32:36.795+0000] {dag.py:3834} INFO - Setting next_dagrun for example_branch_labels to 2024-03-28 00:00:00+00:00, run_after=2024-03-29 00:00:00+00:00
[2024-03-29T14:32:36.820+0000] {processor.py:183} INFO - Processing /home/airflow/.local/lib/python3.8/site-packages/airflow/example_dags/example_branch_labels.py took 0.098 seconds
[2024-03-29T14:33:06.880+0000] {processor.py:161} INFO - Started process (PID=215) to work on /home/airflow/.local/lib/python3.8/site-packages/airflow/example_dags/example_branch_labels.py
[2024-03-29T14:33:06.881+0000] {processor.py:830} INFO - Processing file /home/airflow/.local/lib/python3.8/site-packages/airflow/example_dags/example_branch_labels.py for tasks to queue
[2024-03-29T14:33:06.883+0000] {logging_mixin.py:188} INFO - [2024-03-29T14:33:06.883+0000] {dagbag.py:540} INFO - Filling up the DagBag from /home/airflow/.local/lib/python3.8/site-packages/airflow/example_dags/example_branch_labels.py
[2024-03-29T14:33:06.890+0000] {processor.py:840} INFO - DAG(s) 'example_branch_labels' retrieved from /home/airflow/.local/lib/python3.8/site-packages/airflow/example_dags/example_branch_labels.py
[2024-03-29T14:33:06.912+0000] {logging_mixin.py:188} INFO - [2024-03-29T14:33:06.912+0000] {dag.py:3047} INFO - Sync 1 DAGs
[2024-03-29T14:33:06.935+0000] {logging_mixin.py:188} INFO - [2024-03-29T14:33:06.935+0000] {dag.py:3834} INFO - Setting next_dagrun for example_branch_labels to 2024-03-28 00:00:00+00:00, run_after=2024-03-29 00:00:00+00:00
[2024-03-29T14:33:06.956+0000] {processor.py:183} INFO - Processing /home/airflow/.local/lib/python3.8/site-packages/airflow/example_dags/example_branch_labels.py took 0.079 seconds
[2024-03-29T14:45:10.467+0000] {processor.py:161} INFO - Started process (PID=49) to work on /home/airflow/.local/lib/python3.8/site-packages/airflow/example_dags/example_branch_labels.py
[2024-03-29T14:45:10.469+0000] {processor.py:830} INFO - Processing file /home/airflow/.local/lib/python3.8/site-packages/airflow/example_dags/example_branch_labels.py for tasks to queue
[2024-03-29T14:45:10.471+0000] {logging_mixin.py:188} INFO - [2024-03-29T14:45:10.470+0000] {dagbag.py:540} INFO - Filling up the DagBag from /home/airflow/.local/lib/python3.8/site-packages/airflow/example_dags/example_branch_labels.py
[2024-03-29T14:45:10.484+0000] {processor.py:840} INFO - DAG(s) 'example_branch_labels' retrieved from /home/airflow/.local/lib/python3.8/site-packages/airflow/example_dags/example_branch_labels.py
[2024-03-29T14:45:10.499+0000] {logging_mixin.py:188} INFO - [2024-03-29T14:45:10.498+0000] {dag.py:3047} INFO - Sync 1 DAGs
[2024-03-29T14:45:10.525+0000] {logging_mixin.py:188} INFO - [2024-03-29T14:45:10.525+0000] {dag.py:3834} INFO - Setting next_dagrun for example_branch_labels to 2024-03-28 00:00:00+00:00, run_after=2024-03-29 00:00:00+00:00
[2024-03-29T14:45:10.553+0000] {processor.py:183} INFO - Processing /home/airflow/.local/lib/python3.8/site-packages/airflow/example_dags/example_branch_labels.py took 0.090 seconds
