[2024-03-29T14:31:36.336+0000] {processor.py:161} INFO - Started process (PID=54) to work on /home/airflow/.local/lib/python3.8/site-packages/airflow/example_dags/example_task_group.py
[2024-03-29T14:31:36.338+0000] {processor.py:830} INFO - Processing file /home/airflow/.local/lib/python3.8/site-packages/airflow/example_dags/example_task_group.py for tasks to queue
[2024-03-29T14:31:36.342+0000] {logging_mixin.py:188} INFO - [2024-03-29T14:31:36.341+0000] {dagbag.py:540} INFO - Filling up the DagBag from /home/airflow/.local/lib/python3.8/site-packages/airflow/example_dags/example_task_group.py
[2024-03-29T14:31:36.365+0000] {processor.py:840} INFO - DAG(s) 'example_task_group' retrieved from /home/airflow/.local/lib/python3.8/site-packages/airflow/example_dags/example_task_group.py
[2024-03-29T14:31:36.387+0000] {logging_mixin.py:188} INFO - [2024-03-29T14:31:36.387+0000] {dag.py:3047} INFO - Sync 1 DAGs
[2024-03-29T14:31:36.427+0000] {logging_mixin.py:188} INFO - [2024-03-29T14:31:36.426+0000] {dag.py:3834} INFO - Setting next_dagrun for example_task_group to 2024-03-28 00:00:00+00:00, run_after=2024-03-29 00:00:00+00:00
[2024-03-29T14:31:36.460+0000] {processor.py:183} INFO - Processing /home/airflow/.local/lib/python3.8/site-packages/airflow/example_dags/example_task_group.py took 0.130 seconds
[2024-03-29T14:32:06.929+0000] {processor.py:161} INFO - Started process (PID=109) to work on /home/airflow/.local/lib/python3.8/site-packages/airflow/example_dags/example_task_group.py
[2024-03-29T14:32:06.930+0000] {processor.py:830} INFO - Processing file /home/airflow/.local/lib/python3.8/site-packages/airflow/example_dags/example_task_group.py for tasks to queue
[2024-03-29T14:32:06.933+0000] {logging_mixin.py:188} INFO - [2024-03-29T14:32:06.932+0000] {dagbag.py:540} INFO - Filling up the DagBag from /home/airflow/.local/lib/python3.8/site-packages/airflow/example_dags/example_task_group.py
[2024-03-29T14:32:06.943+0000] {processor.py:840} INFO - DAG(s) 'example_task_group' retrieved from /home/airflow/.local/lib/python3.8/site-packages/airflow/example_dags/example_task_group.py
[2024-03-29T14:32:07.057+0000] {logging_mixin.py:188} INFO - [2024-03-29T14:32:07.057+0000] {dag.py:3047} INFO - Sync 1 DAGs
[2024-03-29T14:32:07.081+0000] {logging_mixin.py:188} INFO - [2024-03-29T14:32:07.081+0000] {dag.py:3834} INFO - Setting next_dagrun for example_task_group to 2024-03-28 00:00:00+00:00, run_after=2024-03-29 00:00:00+00:00
[2024-03-29T14:32:07.103+0000] {processor.py:183} INFO - Processing /home/airflow/.local/lib/python3.8/site-packages/airflow/example_dags/example_task_group.py took 0.178 seconds
[2024-03-29T14:32:37.944+0000] {processor.py:161} INFO - Started process (PID=164) to work on /home/airflow/.local/lib/python3.8/site-packages/airflow/example_dags/example_task_group.py
[2024-03-29T14:32:37.945+0000] {processor.py:830} INFO - Processing file /home/airflow/.local/lib/python3.8/site-packages/airflow/example_dags/example_task_group.py for tasks to queue
[2024-03-29T14:32:37.948+0000] {logging_mixin.py:188} INFO - [2024-03-29T14:32:37.948+0000] {dagbag.py:540} INFO - Filling up the DagBag from /home/airflow/.local/lib/python3.8/site-packages/airflow/example_dags/example_task_group.py
[2024-03-29T14:32:37.956+0000] {processor.py:840} INFO - DAG(s) 'example_task_group' retrieved from /home/airflow/.local/lib/python3.8/site-packages/airflow/example_dags/example_task_group.py
[2024-03-29T14:32:37.982+0000] {logging_mixin.py:188} INFO - [2024-03-29T14:32:37.982+0000] {dag.py:3047} INFO - Sync 1 DAGs
[2024-03-29T14:32:38.007+0000] {logging_mixin.py:188} INFO - [2024-03-29T14:32:38.007+0000] {dag.py:3834} INFO - Setting next_dagrun for example_task_group to 2024-03-28 00:00:00+00:00, run_after=2024-03-29 00:00:00+00:00
[2024-03-29T14:32:38.034+0000] {processor.py:183} INFO - Processing /home/airflow/.local/lib/python3.8/site-packages/airflow/example_dags/example_task_group.py took 0.092 seconds
[2024-03-29T14:33:08.105+0000] {processor.py:161} INFO - Started process (PID=219) to work on /home/airflow/.local/lib/python3.8/site-packages/airflow/example_dags/example_task_group.py
[2024-03-29T14:33:08.106+0000] {processor.py:830} INFO - Processing file /home/airflow/.local/lib/python3.8/site-packages/airflow/example_dags/example_task_group.py for tasks to queue
[2024-03-29T14:33:08.108+0000] {logging_mixin.py:188} INFO - [2024-03-29T14:33:08.108+0000] {dagbag.py:540} INFO - Filling up the DagBag from /home/airflow/.local/lib/python3.8/site-packages/airflow/example_dags/example_task_group.py
[2024-03-29T14:33:08.116+0000] {processor.py:840} INFO - DAG(s) 'example_task_group' retrieved from /home/airflow/.local/lib/python3.8/site-packages/airflow/example_dags/example_task_group.py
[2024-03-29T14:33:08.141+0000] {logging_mixin.py:188} INFO - [2024-03-29T14:33:08.140+0000] {dag.py:3047} INFO - Sync 1 DAGs
[2024-03-29T14:33:08.164+0000] {logging_mixin.py:188} INFO - [2024-03-29T14:33:08.164+0000] {dag.py:3834} INFO - Setting next_dagrun for example_task_group to 2024-03-28 00:00:00+00:00, run_after=2024-03-29 00:00:00+00:00
[2024-03-29T14:33:08.185+0000] {processor.py:183} INFO - Processing /home/airflow/.local/lib/python3.8/site-packages/airflow/example_dags/example_task_group.py took 0.083 seconds
[2024-03-29T14:45:10.794+0000] {processor.py:161} INFO - Started process (PID=54) to work on /home/airflow/.local/lib/python3.8/site-packages/airflow/example_dags/example_task_group.py
[2024-03-29T14:45:10.796+0000] {processor.py:830} INFO - Processing file /home/airflow/.local/lib/python3.8/site-packages/airflow/example_dags/example_task_group.py for tasks to queue
[2024-03-29T14:45:10.799+0000] {logging_mixin.py:188} INFO - [2024-03-29T14:45:10.798+0000] {dagbag.py:540} INFO - Filling up the DagBag from /home/airflow/.local/lib/python3.8/site-packages/airflow/example_dags/example_task_group.py
[2024-03-29T14:45:10.810+0000] {processor.py:840} INFO - DAG(s) 'example_task_group' retrieved from /home/airflow/.local/lib/python3.8/site-packages/airflow/example_dags/example_task_group.py
[2024-03-29T14:45:10.826+0000] {logging_mixin.py:188} INFO - [2024-03-29T14:45:10.825+0000] {dag.py:3047} INFO - Sync 1 DAGs
[2024-03-29T14:45:10.851+0000] {logging_mixin.py:188} INFO - [2024-03-29T14:45:10.851+0000] {dag.py:3834} INFO - Setting next_dagrun for example_task_group to 2024-03-28 00:00:00+00:00, run_after=2024-03-29 00:00:00+00:00
[2024-03-29T14:45:10.877+0000] {processor.py:183} INFO - Processing /home/airflow/.local/lib/python3.8/site-packages/airflow/example_dags/example_task_group.py took 0.087 seconds
