[2024-03-29T14:31:37.429+0000] {processor.py:161} INFO - Started process (PID=68) to work on /home/airflow/.local/lib/python3.8/site-packages/airflow/example_dags/example_latest_only.py
[2024-03-29T14:31:37.430+0000] {processor.py:830} INFO - Processing file /home/airflow/.local/lib/python3.8/site-packages/airflow/example_dags/example_latest_only.py for tasks to queue
[2024-03-29T14:31:37.434+0000] {logging_mixin.py:188} INFO - [2024-03-29T14:31:37.433+0000] {dagbag.py:540} INFO - Filling up the DagBag from /home/airflow/.local/lib/python3.8/site-packages/airflow/example_dags/example_latest_only.py
[2024-03-29T14:31:37.443+0000] {processor.py:840} INFO - DAG(s) 'latest_only' retrieved from /home/airflow/.local/lib/python3.8/site-packages/airflow/example_dags/example_latest_only.py
[2024-03-29T14:31:37.456+0000] {logging_mixin.py:188} INFO - [2024-03-29T14:31:37.456+0000] {dag.py:3047} INFO - Sync 1 DAGs
[2024-03-29T14:31:37.485+0000] {logging_mixin.py:188} INFO - [2024-03-29T14:31:37.484+0000] {dag.py:3834} INFO - Setting next_dagrun for latest_only to 2024-03-29 08:00:00+00:00, run_after=2024-03-29 12:00:00+00:00
[2024-03-29T14:31:37.510+0000] {processor.py:183} INFO - Processing /home/airflow/.local/lib/python3.8/site-packages/airflow/example_dags/example_latest_only.py took 0.085 seconds
[2024-03-29T14:32:08.733+0000] {processor.py:161} INFO - Started process (PID=123) to work on /home/airflow/.local/lib/python3.8/site-packages/airflow/example_dags/example_latest_only.py
[2024-03-29T14:32:08.734+0000] {processor.py:830} INFO - Processing file /home/airflow/.local/lib/python3.8/site-packages/airflow/example_dags/example_latest_only.py for tasks to queue
[2024-03-29T14:32:08.737+0000] {logging_mixin.py:188} INFO - [2024-03-29T14:32:08.736+0000] {dagbag.py:540} INFO - Filling up the DagBag from /home/airflow/.local/lib/python3.8/site-packages/airflow/example_dags/example_latest_only.py
[2024-03-29T14:32:08.743+0000] {processor.py:840} INFO - DAG(s) 'latest_only' retrieved from /home/airflow/.local/lib/python3.8/site-packages/airflow/example_dags/example_latest_only.py
[2024-03-29T14:32:08.848+0000] {logging_mixin.py:188} INFO - [2024-03-29T14:32:08.848+0000] {dag.py:3047} INFO - Sync 1 DAGs
[2024-03-29T14:32:08.868+0000] {logging_mixin.py:188} INFO - [2024-03-29T14:32:08.868+0000] {dag.py:3834} INFO - Setting next_dagrun for latest_only to 2024-03-29 08:00:00+00:00, run_after=2024-03-29 12:00:00+00:00
[2024-03-29T14:32:08.888+0000] {processor.py:183} INFO - Processing /home/airflow/.local/lib/python3.8/site-packages/airflow/example_dags/example_latest_only.py took 0.159 seconds
[2024-03-29T14:32:39.879+0000] {processor.py:161} INFO - Started process (PID=178) to work on /home/airflow/.local/lib/python3.8/site-packages/airflow/example_dags/example_latest_only.py
[2024-03-29T14:32:39.881+0000] {processor.py:830} INFO - Processing file /home/airflow/.local/lib/python3.8/site-packages/airflow/example_dags/example_latest_only.py for tasks to queue
[2024-03-29T14:32:39.883+0000] {logging_mixin.py:188} INFO - [2024-03-29T14:32:39.883+0000] {dagbag.py:540} INFO - Filling up the DagBag from /home/airflow/.local/lib/python3.8/site-packages/airflow/example_dags/example_latest_only.py
[2024-03-29T14:32:39.888+0000] {processor.py:840} INFO - DAG(s) 'latest_only' retrieved from /home/airflow/.local/lib/python3.8/site-packages/airflow/example_dags/example_latest_only.py
[2024-03-29T14:32:39.910+0000] {logging_mixin.py:188} INFO - [2024-03-29T14:32:39.910+0000] {dag.py:3047} INFO - Sync 1 DAGs
[2024-03-29T14:32:39.935+0000] {logging_mixin.py:188} INFO - [2024-03-29T14:32:39.935+0000] {dag.py:3834} INFO - Setting next_dagrun for latest_only to 2024-03-29 08:00:00+00:00, run_after=2024-03-29 12:00:00+00:00
[2024-03-29T14:32:39.957+0000] {processor.py:183} INFO - Processing /home/airflow/.local/lib/python3.8/site-packages/airflow/example_dags/example_latest_only.py took 0.081 seconds
[2024-03-29T14:33:10.178+0000] {processor.py:161} INFO - Started process (PID=234) to work on /home/airflow/.local/lib/python3.8/site-packages/airflow/example_dags/example_latest_only.py
[2024-03-29T14:33:10.181+0000] {processor.py:830} INFO - Processing file /home/airflow/.local/lib/python3.8/site-packages/airflow/example_dags/example_latest_only.py for tasks to queue
[2024-03-29T14:33:10.183+0000] {logging_mixin.py:188} INFO - [2024-03-29T14:33:10.183+0000] {dagbag.py:540} INFO - Filling up the DagBag from /home/airflow/.local/lib/python3.8/site-packages/airflow/example_dags/example_latest_only.py
[2024-03-29T14:33:10.191+0000] {processor.py:840} INFO - DAG(s) 'latest_only' retrieved from /home/airflow/.local/lib/python3.8/site-packages/airflow/example_dags/example_latest_only.py
[2024-03-29T14:33:10.221+0000] {logging_mixin.py:188} INFO - [2024-03-29T14:33:10.220+0000] {dag.py:3047} INFO - Sync 1 DAGs
[2024-03-29T14:33:10.247+0000] {logging_mixin.py:188} INFO - [2024-03-29T14:33:10.246+0000] {dag.py:3834} INFO - Setting next_dagrun for latest_only to 2024-03-29 08:00:00+00:00, run_after=2024-03-29 12:00:00+00:00
[2024-03-29T14:33:10.277+0000] {processor.py:183} INFO - Processing /home/airflow/.local/lib/python3.8/site-packages/airflow/example_dags/example_latest_only.py took 0.104 seconds
[2024-03-29T14:45:11.887+0000] {processor.py:161} INFO - Started process (PID=68) to work on /home/airflow/.local/lib/python3.8/site-packages/airflow/example_dags/example_latest_only.py
[2024-03-29T14:45:11.889+0000] {processor.py:830} INFO - Processing file /home/airflow/.local/lib/python3.8/site-packages/airflow/example_dags/example_latest_only.py for tasks to queue
[2024-03-29T14:45:11.891+0000] {logging_mixin.py:188} INFO - [2024-03-29T14:45:11.891+0000] {dagbag.py:540} INFO - Filling up the DagBag from /home/airflow/.local/lib/python3.8/site-packages/airflow/example_dags/example_latest_only.py
[2024-03-29T14:45:11.902+0000] {processor.py:840} INFO - DAG(s) 'latest_only' retrieved from /home/airflow/.local/lib/python3.8/site-packages/airflow/example_dags/example_latest_only.py
[2024-03-29T14:45:11.918+0000] {logging_mixin.py:188} INFO - [2024-03-29T14:45:11.918+0000] {dag.py:3047} INFO - Sync 1 DAGs
[2024-03-29T14:45:11.949+0000] {logging_mixin.py:188} INFO - [2024-03-29T14:45:11.949+0000] {dag.py:3834} INFO - Setting next_dagrun for latest_only to 2024-03-29 08:00:00+00:00, run_after=2024-03-29 12:00:00+00:00
[2024-03-29T14:45:11.973+0000] {processor.py:183} INFO - Processing /home/airflow/.local/lib/python3.8/site-packages/airflow/example_dags/example_latest_only.py took 0.089 seconds
