[2024-03-29T14:31:36.649+0000] {processor.py:161} INFO - Started process (PID=56) to work on /home/airflow/.local/lib/python3.8/site-packages/airflow/example_dags/example_complex.py
[2024-03-29T14:31:36.650+0000] {processor.py:830} INFO - Processing file /home/airflow/.local/lib/python3.8/site-packages/airflow/example_dags/example_complex.py for tasks to queue
[2024-03-29T14:31:36.653+0000] {logging_mixin.py:188} INFO - [2024-03-29T14:31:36.653+0000] {dagbag.py:540} INFO - Filling up the DagBag from /home/airflow/.local/lib/python3.8/site-packages/airflow/example_dags/example_complex.py
[2024-03-29T14:31:36.670+0000] {processor.py:840} INFO - DAG(s) 'example_complex' retrieved from /home/airflow/.local/lib/python3.8/site-packages/airflow/example_dags/example_complex.py
[2024-03-29T14:31:36.685+0000] {logging_mixin.py:188} INFO - [2024-03-29T14:31:36.684+0000] {dag.py:3047} INFO - Sync 1 DAGs
[2024-03-29T14:31:36.702+0000] {logging_mixin.py:188} INFO - [2024-03-29T14:31:36.702+0000] {dag.py:3834} INFO - Setting next_dagrun for example_complex to None, run_after=None
[2024-03-29T14:31:36.725+0000] {processor.py:183} INFO - Processing /home/airflow/.local/lib/python3.8/site-packages/airflow/example_dags/example_complex.py took 0.081 seconds
[2024-03-29T14:32:07.178+0000] {processor.py:161} INFO - Started process (PID=111) to work on /home/airflow/.local/lib/python3.8/site-packages/airflow/example_dags/example_complex.py
[2024-03-29T14:32:07.180+0000] {processor.py:830} INFO - Processing file /home/airflow/.local/lib/python3.8/site-packages/airflow/example_dags/example_complex.py for tasks to queue
[2024-03-29T14:32:07.182+0000] {logging_mixin.py:188} INFO - [2024-03-29T14:32:07.182+0000] {dagbag.py:540} INFO - Filling up the DagBag from /home/airflow/.local/lib/python3.8/site-packages/airflow/example_dags/example_complex.py
[2024-03-29T14:32:07.194+0000] {processor.py:840} INFO - DAG(s) 'example_complex' retrieved from /home/airflow/.local/lib/python3.8/site-packages/airflow/example_dags/example_complex.py
[2024-03-29T14:32:07.305+0000] {logging_mixin.py:188} INFO - [2024-03-29T14:32:07.304+0000] {dag.py:3047} INFO - Sync 1 DAGs
[2024-03-29T14:32:07.316+0000] {logging_mixin.py:188} INFO - [2024-03-29T14:32:07.316+0000] {dag.py:3834} INFO - Setting next_dagrun for example_complex to None, run_after=None
[2024-03-29T14:32:07.340+0000] {processor.py:183} INFO - Processing /home/airflow/.local/lib/python3.8/site-packages/airflow/example_dags/example_complex.py took 0.165 seconds
[2024-03-29T14:32:38.189+0000] {processor.py:161} INFO - Started process (PID=166) to work on /home/airflow/.local/lib/python3.8/site-packages/airflow/example_dags/example_complex.py
[2024-03-29T14:32:38.191+0000] {processor.py:830} INFO - Processing file /home/airflow/.local/lib/python3.8/site-packages/airflow/example_dags/example_complex.py for tasks to queue
[2024-03-29T14:32:38.192+0000] {logging_mixin.py:188} INFO - [2024-03-29T14:32:38.192+0000] {dagbag.py:540} INFO - Filling up the DagBag from /home/airflow/.local/lib/python3.8/site-packages/airflow/example_dags/example_complex.py
[2024-03-29T14:32:38.205+0000] {processor.py:840} INFO - DAG(s) 'example_complex' retrieved from /home/airflow/.local/lib/python3.8/site-packages/airflow/example_dags/example_complex.py
[2024-03-29T14:32:38.241+0000] {logging_mixin.py:188} INFO - [2024-03-29T14:32:38.241+0000] {dag.py:3047} INFO - Sync 1 DAGs
[2024-03-29T14:32:38.254+0000] {logging_mixin.py:188} INFO - [2024-03-29T14:32:38.253+0000] {dag.py:3834} INFO - Setting next_dagrun for example_complex to None, run_after=None
[2024-03-29T14:32:38.276+0000] {processor.py:183} INFO - Processing /home/airflow/.local/lib/python3.8/site-packages/airflow/example_dags/example_complex.py took 0.090 seconds
[2024-03-29T14:33:08.468+0000] {processor.py:161} INFO - Started process (PID=222) to work on /home/airflow/.local/lib/python3.8/site-packages/airflow/example_dags/example_complex.py
[2024-03-29T14:33:08.469+0000] {processor.py:830} INFO - Processing file /home/airflow/.local/lib/python3.8/site-packages/airflow/example_dags/example_complex.py for tasks to queue
[2024-03-29T14:33:08.471+0000] {logging_mixin.py:188} INFO - [2024-03-29T14:33:08.471+0000] {dagbag.py:540} INFO - Filling up the DagBag from /home/airflow/.local/lib/python3.8/site-packages/airflow/example_dags/example_complex.py
[2024-03-29T14:33:08.482+0000] {processor.py:840} INFO - DAG(s) 'example_complex' retrieved from /home/airflow/.local/lib/python3.8/site-packages/airflow/example_dags/example_complex.py
[2024-03-29T14:33:08.511+0000] {logging_mixin.py:188} INFO - [2024-03-29T14:33:08.511+0000] {dag.py:3047} INFO - Sync 1 DAGs
[2024-03-29T14:33:08.525+0000] {logging_mixin.py:188} INFO - [2024-03-29T14:33:08.525+0000] {dag.py:3834} INFO - Setting next_dagrun for example_complex to None, run_after=None
[2024-03-29T14:33:08.553+0000] {processor.py:183} INFO - Processing /home/airflow/.local/lib/python3.8/site-packages/airflow/example_dags/example_complex.py took 0.088 seconds
[2024-03-29T14:45:11.025+0000] {processor.py:161} INFO - Started process (PID=56) to work on /home/airflow/.local/lib/python3.8/site-packages/airflow/example_dags/example_complex.py
[2024-03-29T14:45:11.026+0000] {processor.py:830} INFO - Processing file /home/airflow/.local/lib/python3.8/site-packages/airflow/example_dags/example_complex.py for tasks to queue
[2024-03-29T14:45:11.029+0000] {logging_mixin.py:188} INFO - [2024-03-29T14:45:11.029+0000] {dagbag.py:540} INFO - Filling up the DagBag from /home/airflow/.local/lib/python3.8/site-packages/airflow/example_dags/example_complex.py
[2024-03-29T14:45:11.054+0000] {processor.py:840} INFO - DAG(s) 'example_complex' retrieved from /home/airflow/.local/lib/python3.8/site-packages/airflow/example_dags/example_complex.py
[2024-03-29T14:45:11.069+0000] {logging_mixin.py:188} INFO - [2024-03-29T14:45:11.069+0000] {dag.py:3047} INFO - Sync 1 DAGs
[2024-03-29T14:45:11.086+0000] {logging_mixin.py:188} INFO - [2024-03-29T14:45:11.085+0000] {dag.py:3834} INFO - Setting next_dagrun for example_complex to None, run_after=None
[2024-03-29T14:45:11.114+0000] {processor.py:183} INFO - Processing /home/airflow/.local/lib/python3.8/site-packages/airflow/example_dags/example_complex.py took 0.092 seconds
