[2024-03-29T14:31:37.926+0000] {processor.py:161} INFO - Started process (PID=76) to work on /home/airflow/.local/lib/python3.8/site-packages/airflow/example_dags/example_task_group_decorator.py
[2024-03-29T14:31:37.927+0000] {processor.py:830} INFO - Processing file /home/airflow/.local/lib/python3.8/site-packages/airflow/example_dags/example_task_group_decorator.py for tasks to queue
[2024-03-29T14:31:37.929+0000] {logging_mixin.py:188} INFO - [2024-03-29T14:31:37.929+0000] {dagbag.py:540} INFO - Filling up the DagBag from /home/airflow/.local/lib/python3.8/site-packages/airflow/example_dags/example_task_group_decorator.py
[2024-03-29T14:31:37.952+0000] {processor.py:840} INFO - DAG(s) 'example_task_group_decorator' retrieved from /home/airflow/.local/lib/python3.8/site-packages/airflow/example_dags/example_task_group_decorator.py
[2024-03-29T14:31:37.967+0000] {logging_mixin.py:188} INFO - [2024-03-29T14:31:37.966+0000] {dag.py:3047} INFO - Sync 1 DAGs
[2024-03-29T14:31:38.006+0000] {logging_mixin.py:188} INFO - [2024-03-29T14:31:38.006+0000] {dag.py:3834} INFO - Setting next_dagrun for example_task_group_decorator to 2024-03-28 00:00:00+00:00, run_after=2024-03-29 00:00:00+00:00
[2024-03-29T14:31:38.031+0000] {processor.py:183} INFO - Processing /home/airflow/.local/lib/python3.8/site-packages/airflow/example_dags/example_task_group_decorator.py took 0.110 seconds
[2024-03-29T14:32:09.538+0000] {processor.py:161} INFO - Started process (PID=131) to work on /home/airflow/.local/lib/python3.8/site-packages/airflow/example_dags/example_task_group_decorator.py
[2024-03-29T14:32:09.539+0000] {processor.py:830} INFO - Processing file /home/airflow/.local/lib/python3.8/site-packages/airflow/example_dags/example_task_group_decorator.py for tasks to queue
[2024-03-29T14:32:09.541+0000] {logging_mixin.py:188} INFO - [2024-03-29T14:32:09.541+0000] {dagbag.py:540} INFO - Filling up the DagBag from /home/airflow/.local/lib/python3.8/site-packages/airflow/example_dags/example_task_group_decorator.py
[2024-03-29T14:32:09.556+0000] {processor.py:840} INFO - DAG(s) 'example_task_group_decorator' retrieved from /home/airflow/.local/lib/python3.8/site-packages/airflow/example_dags/example_task_group_decorator.py
[2024-03-29T14:32:09.669+0000] {logging_mixin.py:188} INFO - [2024-03-29T14:32:09.669+0000] {dag.py:3047} INFO - Sync 1 DAGs
[2024-03-29T14:32:09.693+0000] {logging_mixin.py:188} INFO - [2024-03-29T14:32:09.693+0000] {dag.py:3834} INFO - Setting next_dagrun for example_task_group_decorator to 2024-03-28 00:00:00+00:00, run_after=2024-03-29 00:00:00+00:00
[2024-03-29T14:32:09.726+0000] {processor.py:183} INFO - Processing /home/airflow/.local/lib/python3.8/site-packages/airflow/example_dags/example_task_group_decorator.py took 0.191 seconds
[2024-03-29T14:32:40.362+0000] {processor.py:161} INFO - Started process (PID=186) to work on /home/airflow/.local/lib/python3.8/site-packages/airflow/example_dags/example_task_group_decorator.py
[2024-03-29T14:32:40.364+0000] {processor.py:830} INFO - Processing file /home/airflow/.local/lib/python3.8/site-packages/airflow/example_dags/example_task_group_decorator.py for tasks to queue
[2024-03-29T14:32:40.366+0000] {logging_mixin.py:188} INFO - [2024-03-29T14:32:40.366+0000] {dagbag.py:540} INFO - Filling up the DagBag from /home/airflow/.local/lib/python3.8/site-packages/airflow/example_dags/example_task_group_decorator.py
[2024-03-29T14:32:40.378+0000] {processor.py:840} INFO - DAG(s) 'example_task_group_decorator' retrieved from /home/airflow/.local/lib/python3.8/site-packages/airflow/example_dags/example_task_group_decorator.py
[2024-03-29T14:32:40.406+0000] {logging_mixin.py:188} INFO - [2024-03-29T14:32:40.406+0000] {dag.py:3047} INFO - Sync 1 DAGs
[2024-03-29T14:32:40.427+0000] {logging_mixin.py:188} INFO - [2024-03-29T14:32:40.427+0000] {dag.py:3834} INFO - Setting next_dagrun for example_task_group_decorator to 2024-03-28 00:00:00+00:00, run_after=2024-03-29 00:00:00+00:00
[2024-03-29T14:32:40.447+0000] {processor.py:183} INFO - Processing /home/airflow/.local/lib/python3.8/site-packages/airflow/example_dags/example_task_group_decorator.py took 0.088 seconds
[2024-03-29T14:45:12.509+0000] {processor.py:161} INFO - Started process (PID=76) to work on /home/airflow/.local/lib/python3.8/site-packages/airflow/example_dags/example_task_group_decorator.py
[2024-03-29T14:45:12.510+0000] {processor.py:830} INFO - Processing file /home/airflow/.local/lib/python3.8/site-packages/airflow/example_dags/example_task_group_decorator.py for tasks to queue
[2024-03-29T14:45:12.513+0000] {logging_mixin.py:188} INFO - [2024-03-29T14:45:12.513+0000] {dagbag.py:540} INFO - Filling up the DagBag from /home/airflow/.local/lib/python3.8/site-packages/airflow/example_dags/example_task_group_decorator.py
[2024-03-29T14:45:12.534+0000] {processor.py:840} INFO - DAG(s) 'example_task_group_decorator' retrieved from /home/airflow/.local/lib/python3.8/site-packages/airflow/example_dags/example_task_group_decorator.py
[2024-03-29T14:45:12.550+0000] {logging_mixin.py:188} INFO - [2024-03-29T14:45:12.550+0000] {dag.py:3047} INFO - Sync 1 DAGs
[2024-03-29T14:45:12.580+0000] {logging_mixin.py:188} INFO - [2024-03-29T14:45:12.580+0000] {dag.py:3834} INFO - Setting next_dagrun for example_task_group_decorator to 2024-03-28 00:00:00+00:00, run_after=2024-03-29 00:00:00+00:00
[2024-03-29T14:45:12.607+0000] {processor.py:183} INFO - Processing /home/airflow/.local/lib/python3.8/site-packages/airflow/example_dags/example_task_group_decorator.py took 0.101 seconds
