[2024-03-29T14:31:37.179+0000] {processor.py:161} INFO - Started process (PID=64) to work on /home/airflow/.local/lib/python3.8/site-packages/airflow/example_dags/example_setup_teardown.py
[2024-03-29T14:31:37.180+0000] {processor.py:830} INFO - Processing file /home/airflow/.local/lib/python3.8/site-packages/airflow/example_dags/example_setup_teardown.py for tasks to queue
[2024-03-29T14:31:37.184+0000] {logging_mixin.py:188} INFO - [2024-03-29T14:31:37.184+0000] {dagbag.py:540} INFO - Filling up the DagBag from /home/airflow/.local/lib/python3.8/site-packages/airflow/example_dags/example_setup_teardown.py
[2024-03-29T14:31:37.200+0000] {processor.py:840} INFO - DAG(s) 'example_setup_teardown' retrieved from /home/airflow/.local/lib/python3.8/site-packages/airflow/example_dags/example_setup_teardown.py
[2024-03-29T14:31:37.218+0000] {logging_mixin.py:188} INFO - [2024-03-29T14:31:37.217+0000] {dag.py:3047} INFO - Sync 1 DAGs
[2024-03-29T14:31:37.250+0000] {logging_mixin.py:188} INFO - [2024-03-29T14:31:37.250+0000] {dag.py:3834} INFO - Setting next_dagrun for example_setup_teardown to 2024-03-28 00:00:00+00:00, run_after=2024-03-29 00:00:00+00:00
[2024-03-29T14:31:37.277+0000] {processor.py:183} INFO - Processing /home/airflow/.local/lib/python3.8/site-packages/airflow/example_dags/example_setup_teardown.py took 0.103 seconds
[2024-03-29T14:32:08.191+0000] {processor.py:161} INFO - Started process (PID=119) to work on /home/airflow/.local/lib/python3.8/site-packages/airflow/example_dags/example_setup_teardown.py
[2024-03-29T14:32:08.193+0000] {processor.py:830} INFO - Processing file /home/airflow/.local/lib/python3.8/site-packages/airflow/example_dags/example_setup_teardown.py for tasks to queue
[2024-03-29T14:32:08.196+0000] {logging_mixin.py:188} INFO - [2024-03-29T14:32:08.195+0000] {dagbag.py:540} INFO - Filling up the DagBag from /home/airflow/.local/lib/python3.8/site-packages/airflow/example_dags/example_setup_teardown.py
[2024-03-29T14:32:08.203+0000] {processor.py:840} INFO - DAG(s) 'example_setup_teardown' retrieved from /home/airflow/.local/lib/python3.8/site-packages/airflow/example_dags/example_setup_teardown.py
[2024-03-29T14:32:08.300+0000] {logging_mixin.py:188} INFO - [2024-03-29T14:32:08.299+0000] {dag.py:3047} INFO - Sync 1 DAGs
[2024-03-29T14:32:08.322+0000] {logging_mixin.py:188} INFO - [2024-03-29T14:32:08.322+0000] {dag.py:3834} INFO - Setting next_dagrun for example_setup_teardown to 2024-03-28 00:00:00+00:00, run_after=2024-03-29 00:00:00+00:00
[2024-03-29T14:32:08.346+0000] {processor.py:183} INFO - Processing /home/airflow/.local/lib/python3.8/site-packages/airflow/example_dags/example_setup_teardown.py took 0.158 seconds
[2024-03-29T14:32:38.632+0000] {processor.py:161} INFO - Started process (PID=174) to work on /home/airflow/.local/lib/python3.8/site-packages/airflow/example_dags/example_setup_teardown.py
[2024-03-29T14:32:38.633+0000] {processor.py:830} INFO - Processing file /home/airflow/.local/lib/python3.8/site-packages/airflow/example_dags/example_setup_teardown.py for tasks to queue
[2024-03-29T14:32:38.635+0000] {logging_mixin.py:188} INFO - [2024-03-29T14:32:38.635+0000] {dagbag.py:540} INFO - Filling up the DagBag from /home/airflow/.local/lib/python3.8/site-packages/airflow/example_dags/example_setup_teardown.py
[2024-03-29T14:32:38.642+0000] {processor.py:840} INFO - DAG(s) 'example_setup_teardown' retrieved from /home/airflow/.local/lib/python3.8/site-packages/airflow/example_dags/example_setup_teardown.py
[2024-03-29T14:32:38.664+0000] {logging_mixin.py:188} INFO - [2024-03-29T14:32:38.664+0000] {dag.py:3047} INFO - Sync 1 DAGs
[2024-03-29T14:32:38.689+0000] {logging_mixin.py:188} INFO - [2024-03-29T14:32:38.689+0000] {dag.py:3834} INFO - Setting next_dagrun for example_setup_teardown to 2024-03-28 00:00:00+00:00, run_after=2024-03-29 00:00:00+00:00
[2024-03-29T14:32:38.717+0000] {processor.py:183} INFO - Processing /home/airflow/.local/lib/python3.8/site-packages/airflow/example_dags/example_setup_teardown.py took 0.089 seconds
[2024-03-29T14:33:08.941+0000] {processor.py:161} INFO - Started process (PID=230) to work on /home/airflow/.local/lib/python3.8/site-packages/airflow/example_dags/example_setup_teardown.py
[2024-03-29T14:33:08.942+0000] {processor.py:830} INFO - Processing file /home/airflow/.local/lib/python3.8/site-packages/airflow/example_dags/example_setup_teardown.py for tasks to queue
[2024-03-29T14:33:08.944+0000] {logging_mixin.py:188} INFO - [2024-03-29T14:33:08.944+0000] {dagbag.py:540} INFO - Filling up the DagBag from /home/airflow/.local/lib/python3.8/site-packages/airflow/example_dags/example_setup_teardown.py
[2024-03-29T14:33:08.951+0000] {processor.py:840} INFO - DAG(s) 'example_setup_teardown' retrieved from /home/airflow/.local/lib/python3.8/site-packages/airflow/example_dags/example_setup_teardown.py
[2024-03-29T14:33:08.973+0000] {logging_mixin.py:188} INFO - [2024-03-29T14:33:08.972+0000] {dag.py:3047} INFO - Sync 1 DAGs
[2024-03-29T14:33:08.995+0000] {logging_mixin.py:188} INFO - [2024-03-29T14:33:08.994+0000] {dag.py:3834} INFO - Setting next_dagrun for example_setup_teardown to 2024-03-28 00:00:00+00:00, run_after=2024-03-29 00:00:00+00:00
[2024-03-29T14:33:09.016+0000] {processor.py:183} INFO - Processing /home/airflow/.local/lib/python3.8/site-packages/airflow/example_dags/example_setup_teardown.py took 0.079 seconds
[2024-03-29T14:45:11.511+0000] {processor.py:161} INFO - Started process (PID=64) to work on /home/airflow/.local/lib/python3.8/site-packages/airflow/example_dags/example_setup_teardown.py
[2024-03-29T14:45:11.513+0000] {processor.py:830} INFO - Processing file /home/airflow/.local/lib/python3.8/site-packages/airflow/example_dags/example_setup_teardown.py for tasks to queue
[2024-03-29T14:45:11.515+0000] {logging_mixin.py:188} INFO - [2024-03-29T14:45:11.515+0000] {dagbag.py:540} INFO - Filling up the DagBag from /home/airflow/.local/lib/python3.8/site-packages/airflow/example_dags/example_setup_teardown.py
[2024-03-29T14:45:11.527+0000] {processor.py:840} INFO - DAG(s) 'example_setup_teardown' retrieved from /home/airflow/.local/lib/python3.8/site-packages/airflow/example_dags/example_setup_teardown.py
[2024-03-29T14:45:11.543+0000] {logging_mixin.py:188} INFO - [2024-03-29T14:45:11.543+0000] {dag.py:3047} INFO - Sync 1 DAGs
[2024-03-29T14:45:11.573+0000] {logging_mixin.py:188} INFO - [2024-03-29T14:45:11.573+0000] {dag.py:3834} INFO - Setting next_dagrun for example_setup_teardown to 2024-03-28 00:00:00+00:00, run_after=2024-03-29 00:00:00+00:00
[2024-03-29T14:45:11.602+0000] {processor.py:183} INFO - Processing /home/airflow/.local/lib/python3.8/site-packages/airflow/example_dags/example_setup_teardown.py took 0.094 seconds
