[2024-03-29T14:31:36.761+0000] {processor.py:161} INFO - Started process (PID=58) to work on /home/airflow/.local/lib/python3.8/site-packages/airflow/example_dags/example_sensors.py
[2024-03-29T14:31:36.762+0000] {processor.py:830} INFO - Processing file /home/airflow/.local/lib/python3.8/site-packages/airflow/example_dags/example_sensors.py for tasks to queue
[2024-03-29T14:31:36.764+0000] {logging_mixin.py:188} INFO - [2024-03-29T14:31:36.764+0000] {dagbag.py:540} INFO - Filling up the DagBag from /home/airflow/.local/lib/python3.8/site-packages/airflow/example_dags/example_sensors.py
[2024-03-29T14:31:36.778+0000] {processor.py:840} INFO - DAG(s) 'example_sensors' retrieved from /home/airflow/.local/lib/python3.8/site-packages/airflow/example_dags/example_sensors.py
[2024-03-29T14:31:36.790+0000] {logging_mixin.py:188} INFO - [2024-03-29T14:31:36.790+0000] {dag.py:3047} INFO - Sync 1 DAGs
[2024-03-29T14:31:36.804+0000] {logging_mixin.py:188} INFO - [2024-03-29T14:31:36.804+0000] {dag.py:3834} INFO - Setting next_dagrun for example_sensors to None, run_after=None
[2024-03-29T14:31:36.831+0000] {processor.py:183} INFO - Processing /home/airflow/.local/lib/python3.8/site-packages/airflow/example_dags/example_sensors.py took 0.074 seconds
[2024-03-29T14:32:07.407+0000] {processor.py:161} INFO - Started process (PID=113) to work on /home/airflow/.local/lib/python3.8/site-packages/airflow/example_dags/example_sensors.py
[2024-03-29T14:32:07.409+0000] {processor.py:830} INFO - Processing file /home/airflow/.local/lib/python3.8/site-packages/airflow/example_dags/example_sensors.py for tasks to queue
[2024-03-29T14:32:07.410+0000] {logging_mixin.py:188} INFO - [2024-03-29T14:32:07.410+0000] {dagbag.py:540} INFO - Filling up the DagBag from /home/airflow/.local/lib/python3.8/site-packages/airflow/example_dags/example_sensors.py
[2024-03-29T14:32:07.421+0000] {processor.py:840} INFO - DAG(s) 'example_sensors' retrieved from /home/airflow/.local/lib/python3.8/site-packages/airflow/example_dags/example_sensors.py
[2024-03-29T14:32:07.539+0000] {logging_mixin.py:188} INFO - [2024-03-29T14:32:07.539+0000] {dag.py:3047} INFO - Sync 1 DAGs
[2024-03-29T14:32:07.551+0000] {logging_mixin.py:188} INFO - [2024-03-29T14:32:07.551+0000] {dag.py:3834} INFO - Setting next_dagrun for example_sensors to None, run_after=None
[2024-03-29T14:32:07.576+0000] {processor.py:183} INFO - Processing /home/airflow/.local/lib/python3.8/site-packages/airflow/example_dags/example_sensors.py took 0.173 seconds
[2024-03-29T14:32:38.303+0000] {processor.py:161} INFO - Started process (PID=168) to work on /home/airflow/.local/lib/python3.8/site-packages/airflow/example_dags/example_sensors.py
[2024-03-29T14:32:38.305+0000] {processor.py:830} INFO - Processing file /home/airflow/.local/lib/python3.8/site-packages/airflow/example_dags/example_sensors.py for tasks to queue
[2024-03-29T14:32:38.307+0000] {logging_mixin.py:188} INFO - [2024-03-29T14:32:38.306+0000] {dagbag.py:540} INFO - Filling up the DagBag from /home/airflow/.local/lib/python3.8/site-packages/airflow/example_dags/example_sensors.py
[2024-03-29T14:32:38.316+0000] {processor.py:840} INFO - DAG(s) 'example_sensors' retrieved from /home/airflow/.local/lib/python3.8/site-packages/airflow/example_dags/example_sensors.py
[2024-03-29T14:32:38.343+0000] {logging_mixin.py:188} INFO - [2024-03-29T14:32:38.342+0000] {dag.py:3047} INFO - Sync 1 DAGs
[2024-03-29T14:32:38.356+0000] {logging_mixin.py:188} INFO - [2024-03-29T14:32:38.355+0000] {dag.py:3834} INFO - Setting next_dagrun for example_sensors to None, run_after=None
[2024-03-29T14:32:38.379+0000] {processor.py:183} INFO - Processing /home/airflow/.local/lib/python3.8/site-packages/airflow/example_dags/example_sensors.py took 0.078 seconds
[2024-03-29T14:33:08.631+0000] {processor.py:161} INFO - Started process (PID=224) to work on /home/airflow/.local/lib/python3.8/site-packages/airflow/example_dags/example_sensors.py
[2024-03-29T14:33:08.632+0000] {processor.py:830} INFO - Processing file /home/airflow/.local/lib/python3.8/site-packages/airflow/example_dags/example_sensors.py for tasks to queue
[2024-03-29T14:33:08.634+0000] {logging_mixin.py:188} INFO - [2024-03-29T14:33:08.634+0000] {dagbag.py:540} INFO - Filling up the DagBag from /home/airflow/.local/lib/python3.8/site-packages/airflow/example_dags/example_sensors.py
[2024-03-29T14:33:08.644+0000] {processor.py:840} INFO - DAG(s) 'example_sensors' retrieved from /home/airflow/.local/lib/python3.8/site-packages/airflow/example_dags/example_sensors.py
[2024-03-29T14:33:08.675+0000] {logging_mixin.py:188} INFO - [2024-03-29T14:33:08.675+0000] {dag.py:3047} INFO - Sync 1 DAGs
[2024-03-29T14:33:08.688+0000] {logging_mixin.py:188} INFO - [2024-03-29T14:33:08.688+0000] {dag.py:3834} INFO - Setting next_dagrun for example_sensors to None, run_after=None
[2024-03-29T14:33:08.708+0000] {processor.py:183} INFO - Processing /home/airflow/.local/lib/python3.8/site-packages/airflow/example_dags/example_sensors.py took 0.082 seconds
[2024-03-29T14:45:11.155+0000] {processor.py:161} INFO - Started process (PID=58) to work on /home/airflow/.local/lib/python3.8/site-packages/airflow/example_dags/example_sensors.py
[2024-03-29T14:45:11.157+0000] {processor.py:830} INFO - Processing file /home/airflow/.local/lib/python3.8/site-packages/airflow/example_dags/example_sensors.py for tasks to queue
[2024-03-29T14:45:11.158+0000] {logging_mixin.py:188} INFO - [2024-03-29T14:45:11.158+0000] {dagbag.py:540} INFO - Filling up the DagBag from /home/airflow/.local/lib/python3.8/site-packages/airflow/example_dags/example_sensors.py
[2024-03-29T14:45:11.171+0000] {processor.py:840} INFO - DAG(s) 'example_sensors' retrieved from /home/airflow/.local/lib/python3.8/site-packages/airflow/example_dags/example_sensors.py
[2024-03-29T14:45:11.186+0000] {logging_mixin.py:188} INFO - [2024-03-29T14:45:11.185+0000] {dag.py:3047} INFO - Sync 1 DAGs
[2024-03-29T14:45:11.201+0000] {logging_mixin.py:188} INFO - [2024-03-29T14:45:11.201+0000] {dag.py:3834} INFO - Setting next_dagrun for example_sensors to None, run_after=None
[2024-03-29T14:45:11.232+0000] {processor.py:183} INFO - Processing /home/airflow/.local/lib/python3.8/site-packages/airflow/example_dags/example_sensors.py took 0.080 seconds
