[2024-03-29T14:31:36.493+0000] {processor.py:161} INFO - Started process (PID=55) to work on /home/airflow/.local/lib/python3.8/site-packages/airflow/example_dags/example_datasets.py
[2024-03-29T14:31:36.495+0000] {processor.py:830} INFO - Processing file /home/airflow/.local/lib/python3.8/site-packages/airflow/example_dags/example_datasets.py for tasks to queue
[2024-03-29T14:31:36.497+0000] {logging_mixin.py:188} INFO - [2024-03-29T14:31:36.496+0000] {dagbag.py:540} INFO - Filling up the DagBag from /home/airflow/.local/lib/python3.8/site-packages/airflow/example_dags/example_datasets.py
[2024-03-29T14:31:36.512+0000] {processor.py:840} INFO - DAG(s) 'dataset_consumes_1_and_2', 'dataset_produces_1', 'dataset_consumes_1', 'dataset_produces_2', 'dataset_consumes_unknown_never_scheduled', 'dataset_consumes_1_never_scheduled' retrieved from /home/airflow/.local/lib/python3.8/site-packages/airflow/example_dags/example_datasets.py
[2024-03-29T14:31:36.534+0000] {logging_mixin.py:188} INFO - [2024-03-29T14:31:36.533+0000] {dag.py:3047} INFO - Sync 6 DAGs
[2024-03-29T14:31:36.564+0000] {logging_mixin.py:188} INFO - [2024-03-29T14:31:36.564+0000] {dag.py:3834} INFO - Setting next_dagrun for dataset_consumes_1 to None, run_after=None
[2024-03-29T14:31:36.570+0000] {logging_mixin.py:188} INFO - [2024-03-29T14:31:36.570+0000] {dag.py:3834} INFO - Setting next_dagrun for dataset_consumes_1_and_2 to None, run_after=None
[2024-03-29T14:31:36.572+0000] {logging_mixin.py:188} INFO - [2024-03-29T14:31:36.572+0000] {dag.py:3834} INFO - Setting next_dagrun for dataset_consumes_1_never_scheduled to None, run_after=None
[2024-03-29T14:31:36.574+0000] {logging_mixin.py:188} INFO - [2024-03-29T14:31:36.574+0000] {dag.py:3834} INFO - Setting next_dagrun for dataset_consumes_unknown_never_scheduled to None, run_after=None
[2024-03-29T14:31:36.577+0000] {logging_mixin.py:188} INFO - [2024-03-29T14:31:36.577+0000] {dag.py:3834} INFO - Setting next_dagrun for dataset_produces_1 to 2024-03-28 00:00:00+00:00, run_after=2024-03-29 00:00:00+00:00
[2024-03-29T14:31:36.579+0000] {logging_mixin.py:188} INFO - [2024-03-29T14:31:36.579+0000] {dag.py:3834} INFO - Setting next_dagrun for dataset_produces_2 to None, run_after=None
[2024-03-29T14:31:36.621+0000] {processor.py:183} INFO - Processing /home/airflow/.local/lib/python3.8/site-packages/airflow/example_dags/example_datasets.py took 0.132 seconds
[2024-03-29T14:32:07.131+0000] {processor.py:161} INFO - Started process (PID=110) to work on /home/airflow/.local/lib/python3.8/site-packages/airflow/example_dags/example_datasets.py
[2024-03-29T14:32:07.133+0000] {processor.py:830} INFO - Processing file /home/airflow/.local/lib/python3.8/site-packages/airflow/example_dags/example_datasets.py for tasks to queue
[2024-03-29T14:32:07.135+0000] {logging_mixin.py:188} INFO - [2024-03-29T14:32:07.134+0000] {dagbag.py:540} INFO - Filling up the DagBag from /home/airflow/.local/lib/python3.8/site-packages/airflow/example_dags/example_datasets.py
[2024-03-29T14:32:07.146+0000] {processor.py:840} INFO - DAG(s) 'dataset_produces_1', 'dataset_consumes_unknown_never_scheduled', 'dataset_consumes_1_never_scheduled', 'dataset_produces_2', 'dataset_consumes_1', 'dataset_consumes_1_and_2' retrieved from /home/airflow/.local/lib/python3.8/site-packages/airflow/example_dags/example_datasets.py
[2024-03-29T14:32:07.305+0000] {logging_mixin.py:188} INFO - [2024-03-29T14:32:07.305+0000] {dag.py:3047} INFO - Sync 6 DAGs
[2024-03-29T14:32:07.327+0000] {logging_mixin.py:188} INFO - [2024-03-29T14:32:07.327+0000] {dag.py:3834} INFO - Setting next_dagrun for dataset_consumes_1 to None, run_after=None
[2024-03-29T14:32:07.330+0000] {logging_mixin.py:188} INFO - [2024-03-29T14:32:07.330+0000] {dag.py:3834} INFO - Setting next_dagrun for dataset_consumes_1_and_2 to None, run_after=None
[2024-03-29T14:32:07.332+0000] {logging_mixin.py:188} INFO - [2024-03-29T14:32:07.332+0000] {dag.py:3834} INFO - Setting next_dagrun for dataset_consumes_1_never_scheduled to None, run_after=None
[2024-03-29T14:32:07.334+0000] {logging_mixin.py:188} INFO - [2024-03-29T14:32:07.334+0000] {dag.py:3834} INFO - Setting next_dagrun for dataset_consumes_unknown_never_scheduled to None, run_after=None
[2024-03-29T14:32:07.338+0000] {logging_mixin.py:188} INFO - [2024-03-29T14:32:07.338+0000] {dag.py:3834} INFO - Setting next_dagrun for dataset_produces_1 to 2024-03-28 00:00:00+00:00, run_after=2024-03-29 00:00:00+00:00
[2024-03-29T14:32:07.340+0000] {logging_mixin.py:188} INFO - [2024-03-29T14:32:07.340+0000] {dag.py:3834} INFO - Setting next_dagrun for dataset_produces_2 to None, run_after=None
[2024-03-29T14:32:07.378+0000] {processor.py:183} INFO - Processing /home/airflow/.local/lib/python3.8/site-packages/airflow/example_dags/example_datasets.py took 0.251 seconds
[2024-03-29T14:32:38.062+0000] {processor.py:161} INFO - Started process (PID=165) to work on /home/airflow/.local/lib/python3.8/site-packages/airflow/example_dags/example_datasets.py
[2024-03-29T14:32:38.064+0000] {processor.py:830} INFO - Processing file /home/airflow/.local/lib/python3.8/site-packages/airflow/example_dags/example_datasets.py for tasks to queue
[2024-03-29T14:32:38.066+0000] {logging_mixin.py:188} INFO - [2024-03-29T14:32:38.066+0000] {dagbag.py:540} INFO - Filling up the DagBag from /home/airflow/.local/lib/python3.8/site-packages/airflow/example_dags/example_datasets.py
[2024-03-29T14:32:38.077+0000] {processor.py:840} INFO - DAG(s) 'dataset_consumes_unknown_never_scheduled', 'dataset_consumes_1_and_2', 'dataset_produces_2', 'dataset_consumes_1_never_scheduled', 'dataset_produces_1', 'dataset_consumes_1' retrieved from /home/airflow/.local/lib/python3.8/site-packages/airflow/example_dags/example_datasets.py
[2024-03-29T14:32:38.123+0000] {logging_mixin.py:188} INFO - [2024-03-29T14:32:38.122+0000] {dag.py:3047} INFO - Sync 6 DAGs
[2024-03-29T14:32:38.145+0000] {logging_mixin.py:188} INFO - [2024-03-29T14:32:38.145+0000] {dag.py:3834} INFO - Setting next_dagrun for dataset_consumes_1 to None, run_after=None
[2024-03-29T14:32:38.150+0000] {logging_mixin.py:188} INFO - [2024-03-29T14:32:38.150+0000] {dag.py:3834} INFO - Setting next_dagrun for dataset_consumes_1_and_2 to None, run_after=None
[2024-03-29T14:32:38.153+0000] {logging_mixin.py:188} INFO - [2024-03-29T14:32:38.153+0000] {dag.py:3834} INFO - Setting next_dagrun for dataset_consumes_1_never_scheduled to None, run_after=None
[2024-03-29T14:32:38.155+0000] {logging_mixin.py:188} INFO - [2024-03-29T14:32:38.155+0000] {dag.py:3834} INFO - Setting next_dagrun for dataset_consumes_unknown_never_scheduled to None, run_after=None
[2024-03-29T14:32:38.157+0000] {logging_mixin.py:188} INFO - [2024-03-29T14:32:38.157+0000] {dag.py:3834} INFO - Setting next_dagrun for dataset_produces_1 to 2024-03-28 00:00:00+00:00, run_after=2024-03-29 00:00:00+00:00
[2024-03-29T14:32:38.159+0000] {logging_mixin.py:188} INFO - [2024-03-29T14:32:38.159+0000] {dag.py:3834} INFO - Setting next_dagrun for dataset_produces_2 to None, run_after=None
[2024-03-29T14:32:38.196+0000] {processor.py:183} INFO - Processing /home/airflow/.local/lib/python3.8/site-packages/airflow/example_dags/example_datasets.py took 0.136 seconds
[2024-03-29T14:33:08.467+0000] {processor.py:161} INFO - Started process (PID=221) to work on /home/airflow/.local/lib/python3.8/site-packages/airflow/example_dags/example_datasets.py
[2024-03-29T14:33:08.468+0000] {processor.py:830} INFO - Processing file /home/airflow/.local/lib/python3.8/site-packages/airflow/example_dags/example_datasets.py for tasks to queue
[2024-03-29T14:33:08.472+0000] {logging_mixin.py:188} INFO - [2024-03-29T14:33:08.471+0000] {dagbag.py:540} INFO - Filling up the DagBag from /home/airflow/.local/lib/python3.8/site-packages/airflow/example_dags/example_datasets.py
[2024-03-29T14:33:08.480+0000] {processor.py:840} INFO - DAG(s) 'dataset_consumes_1_never_scheduled', 'dataset_consumes_1_and_2', 'dataset_produces_1', 'dataset_consumes_unknown_never_scheduled', 'dataset_produces_2', 'dataset_consumes_1' retrieved from /home/airflow/.local/lib/python3.8/site-packages/airflow/example_dags/example_datasets.py
[2024-03-29T14:33:08.521+0000] {logging_mixin.py:188} INFO - [2024-03-29T14:33:08.520+0000] {dag.py:3047} INFO - Sync 6 DAGs
[2024-03-29T14:33:08.548+0000] {logging_mixin.py:188} INFO - [2024-03-29T14:33:08.547+0000] {dag.py:3834} INFO - Setting next_dagrun for dataset_consumes_1 to None, run_after=None
[2024-03-29T14:33:08.553+0000] {logging_mixin.py:188} INFO - [2024-03-29T14:33:08.552+0000] {dag.py:3834} INFO - Setting next_dagrun for dataset_consumes_1_and_2 to None, run_after=None
[2024-03-29T14:33:08.555+0000] {logging_mixin.py:188} INFO - [2024-03-29T14:33:08.555+0000] {dag.py:3834} INFO - Setting next_dagrun for dataset_consumes_1_never_scheduled to None, run_after=None
[2024-03-29T14:33:08.557+0000] {logging_mixin.py:188} INFO - [2024-03-29T14:33:08.557+0000] {dag.py:3834} INFO - Setting next_dagrun for dataset_consumes_unknown_never_scheduled to None, run_after=None
[2024-03-29T14:33:08.565+0000] {logging_mixin.py:188} INFO - [2024-03-29T14:33:08.565+0000] {dag.py:3834} INFO - Setting next_dagrun for dataset_produces_1 to 2024-03-28 00:00:00+00:00, run_after=2024-03-29 00:00:00+00:00
[2024-03-29T14:33:08.568+0000] {logging_mixin.py:188} INFO - [2024-03-29T14:33:08.567+0000] {dag.py:3834} INFO - Setting next_dagrun for dataset_produces_2 to None, run_after=None
[2024-03-29T14:33:08.602+0000] {processor.py:183} INFO - Processing /home/airflow/.local/lib/python3.8/site-packages/airflow/example_dags/example_datasets.py took 0.138 seconds
[2024-03-29T14:45:10.902+0000] {processor.py:161} INFO - Started process (PID=55) to work on /home/airflow/.local/lib/python3.8/site-packages/airflow/example_dags/example_datasets.py
[2024-03-29T14:45:10.903+0000] {processor.py:830} INFO - Processing file /home/airflow/.local/lib/python3.8/site-packages/airflow/example_dags/example_datasets.py for tasks to queue
[2024-03-29T14:45:10.905+0000] {logging_mixin.py:188} INFO - [2024-03-29T14:45:10.905+0000] {dagbag.py:540} INFO - Filling up the DagBag from /home/airflow/.local/lib/python3.8/site-packages/airflow/example_dags/example_datasets.py
[2024-03-29T14:45:10.917+0000] {processor.py:840} INFO - DAG(s) 'dataset_produces_1', 'dataset_consumes_unknown_never_scheduled', 'dataset_consumes_1', 'dataset_produces_2', 'dataset_consumes_1_never_scheduled', 'dataset_consumes_1_and_2' retrieved from /home/airflow/.local/lib/python3.8/site-packages/airflow/example_dags/example_datasets.py
[2024-03-29T14:45:10.937+0000] {logging_mixin.py:188} INFO - [2024-03-29T14:45:10.936+0000] {dag.py:3047} INFO - Sync 6 DAGs
[2024-03-29T14:45:10.966+0000] {logging_mixin.py:188} INFO - [2024-03-29T14:45:10.966+0000] {dag.py:3834} INFO - Setting next_dagrun for dataset_consumes_1 to None, run_after=None
[2024-03-29T14:45:10.970+0000] {logging_mixin.py:188} INFO - [2024-03-29T14:45:10.970+0000] {dag.py:3834} INFO - Setting next_dagrun for dataset_consumes_1_and_2 to None, run_after=None
[2024-03-29T14:45:10.972+0000] {logging_mixin.py:188} INFO - [2024-03-29T14:45:10.971+0000] {dag.py:3834} INFO - Setting next_dagrun for dataset_consumes_1_never_scheduled to None, run_after=None
[2024-03-29T14:45:10.973+0000] {logging_mixin.py:188} INFO - [2024-03-29T14:45:10.973+0000] {dag.py:3834} INFO - Setting next_dagrun for dataset_consumes_unknown_never_scheduled to None, run_after=None
[2024-03-29T14:45:10.976+0000] {logging_mixin.py:188} INFO - [2024-03-29T14:45:10.976+0000] {dag.py:3834} INFO - Setting next_dagrun for dataset_produces_1 to 2024-03-28 00:00:00+00:00, run_after=2024-03-29 00:00:00+00:00
[2024-03-29T14:45:10.978+0000] {logging_mixin.py:188} INFO - [2024-03-29T14:45:10.978+0000] {dag.py:3834} INFO - Setting next_dagrun for dataset_produces_2 to None, run_after=None
[2024-03-29T14:45:11.015+0000] {processor.py:183} INFO - Processing /home/airflow/.local/lib/python3.8/site-packages/airflow/example_dags/example_datasets.py took 0.117 seconds
