[2024-03-29T14:31:37.667+0000] {processor.py:161} INFO - Started process (PID=72) to work on /home/airflow/.local/lib/python3.8/site-packages/airflow/example_dags/example_nested_branch_dag.py
[2024-03-29T14:31:37.669+0000] {processor.py:830} INFO - Processing file /home/airflow/.local/lib/python3.8/site-packages/airflow/example_dags/example_nested_branch_dag.py for tasks to queue
[2024-03-29T14:31:37.672+0000] {logging_mixin.py:188} INFO - [2024-03-29T14:31:37.672+0000] {dagbag.py:540} INFO - Filling up the DagBag from /home/airflow/.local/lib/python3.8/site-packages/airflow/example_dags/example_nested_branch_dag.py
[2024-03-29T14:31:37.693+0000] {processor.py:840} INFO - DAG(s) 'example_nested_branch_dag' retrieved from /home/airflow/.local/lib/python3.8/site-packages/airflow/example_dags/example_nested_branch_dag.py
[2024-03-29T14:31:37.711+0000] {logging_mixin.py:188} INFO - [2024-03-29T14:31:37.710+0000] {dag.py:3047} INFO - Sync 1 DAGs
[2024-03-29T14:31:37.745+0000] {logging_mixin.py:188} INFO - [2024-03-29T14:31:37.744+0000] {dag.py:3834} INFO - Setting next_dagrun for example_nested_branch_dag to 2024-03-28 00:00:00+00:00, run_after=2024-03-29 00:00:00+00:00
[2024-03-29T14:31:37.771+0000] {processor.py:183} INFO - Processing /home/airflow/.local/lib/python3.8/site-packages/airflow/example_dags/example_nested_branch_dag.py took 0.112 seconds
[2024-03-29T14:32:09.108+0000] {processor.py:161} INFO - Started process (PID=127) to work on /home/airflow/.local/lib/python3.8/site-packages/airflow/example_dags/example_nested_branch_dag.py
[2024-03-29T14:32:09.109+0000] {processor.py:830} INFO - Processing file /home/airflow/.local/lib/python3.8/site-packages/airflow/example_dags/example_nested_branch_dag.py for tasks to queue
[2024-03-29T14:32:09.112+0000] {logging_mixin.py:188} INFO - [2024-03-29T14:32:09.112+0000] {dagbag.py:540} INFO - Filling up the DagBag from /home/airflow/.local/lib/python3.8/site-packages/airflow/example_dags/example_nested_branch_dag.py
[2024-03-29T14:32:09.123+0000] {processor.py:840} INFO - DAG(s) 'example_nested_branch_dag' retrieved from /home/airflow/.local/lib/python3.8/site-packages/airflow/example_dags/example_nested_branch_dag.py
[2024-03-29T14:32:09.229+0000] {logging_mixin.py:188} INFO - [2024-03-29T14:32:09.229+0000] {dag.py:3047} INFO - Sync 1 DAGs
[2024-03-29T14:32:09.256+0000] {logging_mixin.py:188} INFO - [2024-03-29T14:32:09.256+0000] {dag.py:3834} INFO - Setting next_dagrun for example_nested_branch_dag to 2024-03-28 00:00:00+00:00, run_after=2024-03-29 00:00:00+00:00
[2024-03-29T14:32:09.280+0000] {processor.py:183} INFO - Processing /home/airflow/.local/lib/python3.8/site-packages/airflow/example_dags/example_nested_branch_dag.py took 0.177 seconds
[2024-03-29T14:32:40.106+0000] {processor.py:161} INFO - Started process (PID=182) to work on /home/airflow/.local/lib/python3.8/site-packages/airflow/example_dags/example_nested_branch_dag.py
[2024-03-29T14:32:40.107+0000] {processor.py:830} INFO - Processing file /home/airflow/.local/lib/python3.8/site-packages/airflow/example_dags/example_nested_branch_dag.py for tasks to queue
[2024-03-29T14:32:40.109+0000] {logging_mixin.py:188} INFO - [2024-03-29T14:32:40.109+0000] {dagbag.py:540} INFO - Filling up the DagBag from /home/airflow/.local/lib/python3.8/site-packages/airflow/example_dags/example_nested_branch_dag.py
[2024-03-29T14:32:40.119+0000] {processor.py:840} INFO - DAG(s) 'example_nested_branch_dag' retrieved from /home/airflow/.local/lib/python3.8/site-packages/airflow/example_dags/example_nested_branch_dag.py
[2024-03-29T14:32:40.145+0000] {logging_mixin.py:188} INFO - [2024-03-29T14:32:40.145+0000] {dag.py:3047} INFO - Sync 1 DAGs
[2024-03-29T14:32:40.179+0000] {logging_mixin.py:188} INFO - [2024-03-29T14:32:40.179+0000] {dag.py:3834} INFO - Setting next_dagrun for example_nested_branch_dag to 2024-03-28 00:00:00+00:00, run_after=2024-03-29 00:00:00+00:00
[2024-03-29T14:32:40.205+0000] {processor.py:183} INFO - Processing /home/airflow/.local/lib/python3.8/site-packages/airflow/example_dags/example_nested_branch_dag.py took 0.102 seconds
[2024-03-29T14:45:12.136+0000] {processor.py:161} INFO - Started process (PID=72) to work on /home/airflow/.local/lib/python3.8/site-packages/airflow/example_dags/example_nested_branch_dag.py
[2024-03-29T14:45:12.138+0000] {processor.py:830} INFO - Processing file /home/airflow/.local/lib/python3.8/site-packages/airflow/example_dags/example_nested_branch_dag.py for tasks to queue
[2024-03-29T14:45:12.140+0000] {logging_mixin.py:188} INFO - [2024-03-29T14:45:12.140+0000] {dagbag.py:540} INFO - Filling up the DagBag from /home/airflow/.local/lib/python3.8/site-packages/airflow/example_dags/example_nested_branch_dag.py
[2024-03-29T14:45:12.158+0000] {processor.py:840} INFO - DAG(s) 'example_nested_branch_dag' retrieved from /home/airflow/.local/lib/python3.8/site-packages/airflow/example_dags/example_nested_branch_dag.py
[2024-03-29T14:45:12.174+0000] {logging_mixin.py:188} INFO - [2024-03-29T14:45:12.174+0000] {dag.py:3047} INFO - Sync 1 DAGs
[2024-03-29T14:45:12.204+0000] {logging_mixin.py:188} INFO - [2024-03-29T14:45:12.203+0000] {dag.py:3834} INFO - Setting next_dagrun for example_nested_branch_dag to 2024-03-28 00:00:00+00:00, run_after=2024-03-29 00:00:00+00:00
[2024-03-29T14:45:12.234+0000] {processor.py:183} INFO - Processing /home/airflow/.local/lib/python3.8/site-packages/airflow/example_dags/example_nested_branch_dag.py took 0.102 seconds
