[2024-03-29T14:31:37.981+0000] {processor.py:161} INFO - Started process (PID=77) to work on /home/airflow/.local/lib/python3.8/site-packages/airflow/example_dags/example_branch_python_dop_operator_3.py
[2024-03-29T14:31:37.983+0000] {processor.py:830} INFO - Processing file /home/airflow/.local/lib/python3.8/site-packages/airflow/example_dags/example_branch_python_dop_operator_3.py for tasks to queue
[2024-03-29T14:31:37.986+0000] {logging_mixin.py:188} INFO - [2024-03-29T14:31:37.985+0000] {dagbag.py:540} INFO - Filling up the DagBag from /home/airflow/.local/lib/python3.8/site-packages/airflow/example_dags/example_branch_python_dop_operator_3.py
[2024-03-29T14:31:38.009+0000] {processor.py:840} INFO - DAG(s) 'example_branch_dop_operator_v3' retrieved from /home/airflow/.local/lib/python3.8/site-packages/airflow/example_dags/example_branch_python_dop_operator_3.py
[2024-03-29T14:31:38.026+0000] {logging_mixin.py:188} INFO - [2024-03-29T14:31:38.025+0000] {dag.py:3047} INFO - Sync 1 DAGs
[2024-03-29T14:31:38.061+0000] {logging_mixin.py:188} INFO - [2024-03-29T14:31:38.061+0000] {dag.py:3834} INFO - Setting next_dagrun for example_branch_dop_operator_v3 to 2024-03-29 14:30:00+00:00, run_after=2024-03-29 14:31:00+00:00
[2024-03-29T14:31:38.086+0000] {processor.py:183} INFO - Processing /home/airflow/.local/lib/python3.8/site-packages/airflow/example_dags/example_branch_python_dop_operator_3.py took 0.110 seconds
[2024-03-29T14:32:09.732+0000] {processor.py:161} INFO - Started process (PID=132) to work on /home/airflow/.local/lib/python3.8/site-packages/airflow/example_dags/example_branch_python_dop_operator_3.py
[2024-03-29T14:32:09.734+0000] {processor.py:830} INFO - Processing file /home/airflow/.local/lib/python3.8/site-packages/airflow/example_dags/example_branch_python_dop_operator_3.py for tasks to queue
[2024-03-29T14:32:09.736+0000] {logging_mixin.py:188} INFO - [2024-03-29T14:32:09.736+0000] {dagbag.py:540} INFO - Filling up the DagBag from /home/airflow/.local/lib/python3.8/site-packages/airflow/example_dags/example_branch_python_dop_operator_3.py
[2024-03-29T14:32:09.746+0000] {processor.py:840} INFO - DAG(s) 'example_branch_dop_operator_v3' retrieved from /home/airflow/.local/lib/python3.8/site-packages/airflow/example_dags/example_branch_python_dop_operator_3.py
[2024-03-29T14:32:09.863+0000] {logging_mixin.py:188} INFO - [2024-03-29T14:32:09.863+0000] {dag.py:3047} INFO - Sync 1 DAGs
[2024-03-29T14:32:09.891+0000] {logging_mixin.py:188} INFO - [2024-03-29T14:32:09.891+0000] {dag.py:3834} INFO - Setting next_dagrun for example_branch_dop_operator_v3 to 2024-03-29 14:31:00+00:00, run_after=2024-03-29 14:32:00+00:00
[2024-03-29T14:32:09.916+0000] {processor.py:183} INFO - Processing /home/airflow/.local/lib/python3.8/site-packages/airflow/example_dags/example_branch_python_dop_operator_3.py took 0.188 seconds
[2024-03-29T14:32:40.446+0000] {processor.py:161} INFO - Started process (PID=187) to work on /home/airflow/.local/lib/python3.8/site-packages/airflow/example_dags/example_branch_python_dop_operator_3.py
[2024-03-29T14:32:40.448+0000] {processor.py:830} INFO - Processing file /home/airflow/.local/lib/python3.8/site-packages/airflow/example_dags/example_branch_python_dop_operator_3.py for tasks to queue
[2024-03-29T14:32:40.450+0000] {logging_mixin.py:188} INFO - [2024-03-29T14:32:40.450+0000] {dagbag.py:540} INFO - Filling up the DagBag from /home/airflow/.local/lib/python3.8/site-packages/airflow/example_dags/example_branch_python_dop_operator_3.py
[2024-03-29T14:32:40.458+0000] {processor.py:840} INFO - DAG(s) 'example_branch_dop_operator_v3' retrieved from /home/airflow/.local/lib/python3.8/site-packages/airflow/example_dags/example_branch_python_dop_operator_3.py
[2024-03-29T14:32:40.481+0000] {logging_mixin.py:188} INFO - [2024-03-29T14:32:40.481+0000] {dag.py:3047} INFO - Sync 1 DAGs
[2024-03-29T14:32:40.509+0000] {logging_mixin.py:188} INFO - [2024-03-29T14:32:40.509+0000] {dag.py:3834} INFO - Setting next_dagrun for example_branch_dop_operator_v3 to 2024-03-29 14:31:00+00:00, run_after=2024-03-29 14:32:00+00:00
[2024-03-29T14:32:40.531+0000] {processor.py:183} INFO - Processing /home/airflow/.local/lib/python3.8/site-packages/airflow/example_dags/example_branch_python_dop_operator_3.py took 0.088 seconds
[2024-03-29T14:45:12.519+0000] {processor.py:161} INFO - Started process (PID=77) to work on /home/airflow/.local/lib/python3.8/site-packages/airflow/example_dags/example_branch_python_dop_operator_3.py
[2024-03-29T14:45:12.521+0000] {processor.py:830} INFO - Processing file /home/airflow/.local/lib/python3.8/site-packages/airflow/example_dags/example_branch_python_dop_operator_3.py for tasks to queue
[2024-03-29T14:45:12.523+0000] {logging_mixin.py:188} INFO - [2024-03-29T14:45:12.523+0000] {dagbag.py:540} INFO - Filling up the DagBag from /home/airflow/.local/lib/python3.8/site-packages/airflow/example_dags/example_branch_python_dop_operator_3.py
[2024-03-29T14:45:12.540+0000] {processor.py:840} INFO - DAG(s) 'example_branch_dop_operator_v3' retrieved from /home/airflow/.local/lib/python3.8/site-packages/airflow/example_dags/example_branch_python_dop_operator_3.py
[2024-03-29T14:45:12.558+0000] {logging_mixin.py:188} INFO - [2024-03-29T14:45:12.557+0000] {dag.py:3047} INFO - Sync 1 DAGs
[2024-03-29T14:45:12.591+0000] {logging_mixin.py:188} INFO - [2024-03-29T14:45:12.591+0000] {dag.py:3834} INFO - Setting next_dagrun for example_branch_dop_operator_v3 to 2024-03-29 14:44:00+00:00, run_after=2024-03-29 14:45:00+00:00
[2024-03-29T14:45:12.619+0000] {processor.py:183} INFO - Processing /home/airflow/.local/lib/python3.8/site-packages/airflow/example_dags/example_branch_python_dop_operator_3.py took 0.105 seconds
