[2024-03-29T14:31:38.557+0000] {processor.py:161} INFO - Started process (PID=86) to work on /home/airflow/.local/lib/python3.8/site-packages/airflow/example_dags/example_xcomargs.py
[2024-03-29T14:31:38.559+0000] {processor.py:830} INFO - Processing file /home/airflow/.local/lib/python3.8/site-packages/airflow/example_dags/example_xcomargs.py for tasks to queue
[2024-03-29T14:31:38.562+0000] {logging_mixin.py:188} INFO - [2024-03-29T14:31:38.562+0000] {dagbag.py:540} INFO - Filling up the DagBag from /home/airflow/.local/lib/python3.8/site-packages/airflow/example_dags/example_xcomargs.py
[2024-03-29T14:31:38.574+0000] {processor.py:840} INFO - DAG(s) 'example_xcom_args_with_operators', 'example_xcom_args' retrieved from /home/airflow/.local/lib/python3.8/site-packages/airflow/example_dags/example_xcomargs.py
[2024-03-29T14:31:38.589+0000] {logging_mixin.py:188} INFO - [2024-03-29T14:31:38.589+0000] {dag.py:3047} INFO - Sync 2 DAGs
[2024-03-29T14:31:38.606+0000] {logging_mixin.py:188} INFO - [2024-03-29T14:31:38.605+0000] {dag.py:3834} INFO - Setting next_dagrun for example_xcom_args to None, run_after=None
[2024-03-29T14:31:38.610+0000] {logging_mixin.py:188} INFO - [2024-03-29T14:31:38.610+0000] {dag.py:3834} INFO - Setting next_dagrun for example_xcom_args_with_operators to None, run_after=None
[2024-03-29T14:31:38.633+0000] {processor.py:183} INFO - Processing /home/airflow/.local/lib/python3.8/site-packages/airflow/example_dags/example_xcomargs.py took 0.080 seconds
[2024-03-29T14:32:10.572+0000] {processor.py:161} INFO - Started process (PID=141) to work on /home/airflow/.local/lib/python3.8/site-packages/airflow/example_dags/example_xcomargs.py
[2024-03-29T14:32:10.573+0000] {processor.py:830} INFO - Processing file /home/airflow/.local/lib/python3.8/site-packages/airflow/example_dags/example_xcomargs.py for tasks to queue
[2024-03-29T14:32:10.576+0000] {logging_mixin.py:188} INFO - [2024-03-29T14:32:10.575+0000] {dagbag.py:540} INFO - Filling up the DagBag from /home/airflow/.local/lib/python3.8/site-packages/airflow/example_dags/example_xcomargs.py
[2024-03-29T14:32:10.585+0000] {processor.py:840} INFO - DAG(s) 'example_xcom_args_with_operators', 'example_xcom_args' retrieved from /home/airflow/.local/lib/python3.8/site-packages/airflow/example_dags/example_xcomargs.py
[2024-03-29T14:32:10.695+0000] {logging_mixin.py:188} INFO - [2024-03-29T14:32:10.695+0000] {dag.py:3047} INFO - Sync 2 DAGs
[2024-03-29T14:32:10.707+0000] {logging_mixin.py:188} INFO - [2024-03-29T14:32:10.707+0000] {dag.py:3834} INFO - Setting next_dagrun for example_xcom_args to None, run_after=None
[2024-03-29T14:32:10.711+0000] {logging_mixin.py:188} INFO - [2024-03-29T14:32:10.711+0000] {dag.py:3834} INFO - Setting next_dagrun for example_xcom_args_with_operators to None, run_after=None
[2024-03-29T14:32:10.733+0000] {processor.py:183} INFO - Processing /home/airflow/.local/lib/python3.8/site-packages/airflow/example_dags/example_xcomargs.py took 0.165 seconds
[2024-03-29T14:32:40.905+0000] {processor.py:161} INFO - Started process (PID=196) to work on /home/airflow/.local/lib/python3.8/site-packages/airflow/example_dags/example_xcomargs.py
[2024-03-29T14:32:40.906+0000] {processor.py:830} INFO - Processing file /home/airflow/.local/lib/python3.8/site-packages/airflow/example_dags/example_xcomargs.py for tasks to queue
[2024-03-29T14:32:40.909+0000] {logging_mixin.py:188} INFO - [2024-03-29T14:32:40.908+0000] {dagbag.py:540} INFO - Filling up the DagBag from /home/airflow/.local/lib/python3.8/site-packages/airflow/example_dags/example_xcomargs.py
[2024-03-29T14:32:40.918+0000] {processor.py:840} INFO - DAG(s) 'example_xcom_args', 'example_xcom_args_with_operators' retrieved from /home/airflow/.local/lib/python3.8/site-packages/airflow/example_dags/example_xcomargs.py
[2024-03-29T14:32:40.947+0000] {logging_mixin.py:188} INFO - [2024-03-29T14:32:40.947+0000] {dag.py:3047} INFO - Sync 2 DAGs
[2024-03-29T14:32:40.962+0000] {logging_mixin.py:188} INFO - [2024-03-29T14:32:40.962+0000] {dag.py:3834} INFO - Setting next_dagrun for example_xcom_args to None, run_after=None
[2024-03-29T14:32:40.967+0000] {logging_mixin.py:188} INFO - [2024-03-29T14:32:40.967+0000] {dag.py:3834} INFO - Setting next_dagrun for example_xcom_args_with_operators to None, run_after=None
[2024-03-29T14:32:40.991+0000] {processor.py:183} INFO - Processing /home/airflow/.local/lib/python3.8/site-packages/airflow/example_dags/example_xcomargs.py took 0.090 seconds
[2024-03-29T14:45:13.050+0000] {processor.py:161} INFO - Started process (PID=86) to work on /home/airflow/.local/lib/python3.8/site-packages/airflow/example_dags/example_xcomargs.py
[2024-03-29T14:45:13.052+0000] {processor.py:830} INFO - Processing file /home/airflow/.local/lib/python3.8/site-packages/airflow/example_dags/example_xcomargs.py for tasks to queue
[2024-03-29T14:45:13.054+0000] {logging_mixin.py:188} INFO - [2024-03-29T14:45:13.054+0000] {dagbag.py:540} INFO - Filling up the DagBag from /home/airflow/.local/lib/python3.8/site-packages/airflow/example_dags/example_xcomargs.py
[2024-03-29T14:45:13.063+0000] {processor.py:840} INFO - DAG(s) 'example_xcom_args', 'example_xcom_args_with_operators' retrieved from /home/airflow/.local/lib/python3.8/site-packages/airflow/example_dags/example_xcomargs.py
[2024-03-29T14:45:13.077+0000] {logging_mixin.py:188} INFO - [2024-03-29T14:45:13.076+0000] {dag.py:3047} INFO - Sync 2 DAGs
[2024-03-29T14:45:13.092+0000] {logging_mixin.py:188} INFO - [2024-03-29T14:45:13.092+0000] {dag.py:3834} INFO - Setting next_dagrun for example_xcom_args to None, run_after=None
[2024-03-29T14:45:13.097+0000] {logging_mixin.py:188} INFO - [2024-03-29T14:45:13.096+0000] {dag.py:3834} INFO - Setting next_dagrun for example_xcom_args_with_operators to None, run_after=None
[2024-03-29T14:45:13.121+0000] {processor.py:183} INFO - Processing /home/airflow/.local/lib/python3.8/site-packages/airflow/example_dags/example_xcomargs.py took 0.074 seconds
