[2024-03-29T14:31:38.247+0000] {processor.py:161} INFO - Started process (PID=81) to work on /home/airflow/.local/lib/python3.8/site-packages/airflow/example_dags/example_latest_only_with_trigger.py
[2024-03-29T14:31:38.249+0000] {processor.py:830} INFO - Processing file /home/airflow/.local/lib/python3.8/site-packages/airflow/example_dags/example_latest_only_with_trigger.py for tasks to queue
[2024-03-29T14:31:38.252+0000] {logging_mixin.py:188} INFO - [2024-03-29T14:31:38.251+0000] {dagbag.py:540} INFO - Filling up the DagBag from /home/airflow/.local/lib/python3.8/site-packages/airflow/example_dags/example_latest_only_with_trigger.py
[2024-03-29T14:31:38.262+0000] {processor.py:840} INFO - DAG(s) 'latest_only_with_trigger' retrieved from /home/airflow/.local/lib/python3.8/site-packages/airflow/example_dags/example_latest_only_with_trigger.py
[2024-03-29T14:31:38.279+0000] {logging_mixin.py:188} INFO - [2024-03-29T14:31:38.278+0000] {dag.py:3047} INFO - Sync 1 DAGs
[2024-03-29T14:31:38.312+0000] {logging_mixin.py:188} INFO - [2024-03-29T14:31:38.311+0000] {dag.py:3834} INFO - Setting next_dagrun for latest_only_with_trigger to 2024-03-29 08:00:00+00:00, run_after=2024-03-29 12:00:00+00:00
[2024-03-29T14:31:38.338+0000] {processor.py:183} INFO - Processing /home/airflow/.local/lib/python3.8/site-packages/airflow/example_dags/example_latest_only_with_trigger.py took 0.094 seconds
[2024-03-29T14:32:10.131+0000] {processor.py:161} INFO - Started process (PID=136) to work on /home/airflow/.local/lib/python3.8/site-packages/airflow/example_dags/example_latest_only_with_trigger.py
[2024-03-29T14:32:10.132+0000] {processor.py:830} INFO - Processing file /home/airflow/.local/lib/python3.8/site-packages/airflow/example_dags/example_latest_only_with_trigger.py for tasks to queue
[2024-03-29T14:32:10.134+0000] {logging_mixin.py:188} INFO - [2024-03-29T14:32:10.134+0000] {dagbag.py:540} INFO - Filling up the DagBag from /home/airflow/.local/lib/python3.8/site-packages/airflow/example_dags/example_latest_only_with_trigger.py
[2024-03-29T14:32:10.141+0000] {processor.py:840} INFO - DAG(s) 'latest_only_with_trigger' retrieved from /home/airflow/.local/lib/python3.8/site-packages/airflow/example_dags/example_latest_only_with_trigger.py
[2024-03-29T14:32:10.247+0000] {logging_mixin.py:188} INFO - [2024-03-29T14:32:10.246+0000] {dag.py:3047} INFO - Sync 1 DAGs
[2024-03-29T14:32:10.268+0000] {logging_mixin.py:188} INFO - [2024-03-29T14:32:10.267+0000] {dag.py:3834} INFO - Setting next_dagrun for latest_only_with_trigger to 2024-03-29 08:00:00+00:00, run_after=2024-03-29 12:00:00+00:00
[2024-03-29T14:32:10.290+0000] {processor.py:183} INFO - Processing /home/airflow/.local/lib/python3.8/site-packages/airflow/example_dags/example_latest_only_with_trigger.py took 0.163 seconds
[2024-03-29T14:32:40.659+0000] {processor.py:161} INFO - Started process (PID=191) to work on /home/airflow/.local/lib/python3.8/site-packages/airflow/example_dags/example_latest_only_with_trigger.py
[2024-03-29T14:32:40.661+0000] {processor.py:830} INFO - Processing file /home/airflow/.local/lib/python3.8/site-packages/airflow/example_dags/example_latest_only_with_trigger.py for tasks to queue
[2024-03-29T14:32:40.663+0000] {logging_mixin.py:188} INFO - [2024-03-29T14:32:40.663+0000] {dagbag.py:540} INFO - Filling up the DagBag from /home/airflow/.local/lib/python3.8/site-packages/airflow/example_dags/example_latest_only_with_trigger.py
[2024-03-29T14:32:40.669+0000] {processor.py:840} INFO - DAG(s) 'latest_only_with_trigger' retrieved from /home/airflow/.local/lib/python3.8/site-packages/airflow/example_dags/example_latest_only_with_trigger.py
[2024-03-29T14:32:40.693+0000] {logging_mixin.py:188} INFO - [2024-03-29T14:32:40.692+0000] {dag.py:3047} INFO - Sync 1 DAGs
[2024-03-29T14:32:40.715+0000] {logging_mixin.py:188} INFO - [2024-03-29T14:32:40.715+0000] {dag.py:3834} INFO - Setting next_dagrun for latest_only_with_trigger to 2024-03-29 08:00:00+00:00, run_after=2024-03-29 12:00:00+00:00
[2024-03-29T14:32:40.737+0000] {processor.py:183} INFO - Processing /home/airflow/.local/lib/python3.8/site-packages/airflow/example_dags/example_latest_only_with_trigger.py took 0.082 seconds
[2024-03-29T14:45:12.769+0000] {processor.py:161} INFO - Started process (PID=81) to work on /home/airflow/.local/lib/python3.8/site-packages/airflow/example_dags/example_latest_only_with_trigger.py
[2024-03-29T14:45:12.771+0000] {processor.py:830} INFO - Processing file /home/airflow/.local/lib/python3.8/site-packages/airflow/example_dags/example_latest_only_with_trigger.py for tasks to queue
[2024-03-29T14:45:12.772+0000] {logging_mixin.py:188} INFO - [2024-03-29T14:45:12.772+0000] {dagbag.py:540} INFO - Filling up the DagBag from /home/airflow/.local/lib/python3.8/site-packages/airflow/example_dags/example_latest_only_with_trigger.py
[2024-03-29T14:45:12.782+0000] {processor.py:840} INFO - DAG(s) 'latest_only_with_trigger' retrieved from /home/airflow/.local/lib/python3.8/site-packages/airflow/example_dags/example_latest_only_with_trigger.py
[2024-03-29T14:45:12.798+0000] {logging_mixin.py:188} INFO - [2024-03-29T14:45:12.798+0000] {dag.py:3047} INFO - Sync 1 DAGs
[2024-03-29T14:45:12.827+0000] {logging_mixin.py:188} INFO - [2024-03-29T14:45:12.826+0000] {dag.py:3834} INFO - Setting next_dagrun for latest_only_with_trigger to 2024-03-29 08:00:00+00:00, run_after=2024-03-29 12:00:00+00:00
[2024-03-29T14:45:12.853+0000] {processor.py:183} INFO - Processing /home/airflow/.local/lib/python3.8/site-packages/airflow/example_dags/example_latest_only_with_trigger.py took 0.087 seconds
