[2024-03-29T14:31:37.465+0000] {processor.py:161} INFO - Started process (PID=69) to work on /home/airflow/.local/lib/python3.8/site-packages/airflow/example_dags/example_python_operator.py
[2024-03-29T14:31:37.467+0000] {processor.py:830} INFO - Processing file /home/airflow/.local/lib/python3.8/site-packages/airflow/example_dags/example_python_operator.py for tasks to queue
[2024-03-29T14:31:37.470+0000] {logging_mixin.py:188} INFO - [2024-03-29T14:31:37.470+0000] {dagbag.py:540} INFO - Filling up the DagBag from /home/airflow/.local/lib/python3.8/site-packages/airflow/example_dags/example_python_operator.py
[2024-03-29T14:31:37.487+0000] {processor.py:840} INFO - DAG(s) 'example_python_operator' retrieved from /home/airflow/.local/lib/python3.8/site-packages/airflow/example_dags/example_python_operator.py
[2024-03-29T14:31:37.502+0000] {logging_mixin.py:188} INFO - [2024-03-29T14:31:37.502+0000] {dag.py:3047} INFO - Sync 1 DAGs
[2024-03-29T14:31:37.520+0000] {logging_mixin.py:188} INFO - [2024-03-29T14:31:37.520+0000] {dag.py:3834} INFO - Setting next_dagrun for example_python_operator to None, run_after=None
[2024-03-29T14:31:37.547+0000] {processor.py:183} INFO - Processing /home/airflow/.local/lib/python3.8/site-packages/airflow/example_dags/example_python_operator.py took 0.086 seconds
[2024-03-29T14:32:08.733+0000] {processor.py:161} INFO - Started process (PID=124) to work on /home/airflow/.local/lib/python3.8/site-packages/airflow/example_dags/example_python_operator.py
[2024-03-29T14:32:08.734+0000] {processor.py:830} INFO - Processing file /home/airflow/.local/lib/python3.8/site-packages/airflow/example_dags/example_python_operator.py for tasks to queue
[2024-03-29T14:32:08.736+0000] {logging_mixin.py:188} INFO - [2024-03-29T14:32:08.735+0000] {dagbag.py:540} INFO - Filling up the DagBag from /home/airflow/.local/lib/python3.8/site-packages/airflow/example_dags/example_python_operator.py
[2024-03-29T14:32:08.747+0000] {processor.py:840} INFO - DAG(s) 'example_python_operator' retrieved from /home/airflow/.local/lib/python3.8/site-packages/airflow/example_dags/example_python_operator.py
[2024-03-29T14:32:08.845+0000] {logging_mixin.py:188} INFO - [2024-03-29T14:32:08.845+0000] {dag.py:3047} INFO - Sync 1 DAGs
[2024-03-29T14:32:08.857+0000] {logging_mixin.py:188} INFO - [2024-03-29T14:32:08.857+0000] {dag.py:3834} INFO - Setting next_dagrun for example_python_operator to None, run_after=None
[2024-03-29T14:32:08.880+0000] {processor.py:183} INFO - Processing /home/airflow/.local/lib/python3.8/site-packages/airflow/example_dags/example_python_operator.py took 0.151 seconds
[2024-03-29T14:32:39.880+0000] {processor.py:161} INFO - Started process (PID=179) to work on /home/airflow/.local/lib/python3.8/site-packages/airflow/example_dags/example_python_operator.py
[2024-03-29T14:32:39.882+0000] {processor.py:830} INFO - Processing file /home/airflow/.local/lib/python3.8/site-packages/airflow/example_dags/example_python_operator.py for tasks to queue
[2024-03-29T14:32:39.884+0000] {logging_mixin.py:188} INFO - [2024-03-29T14:32:39.883+0000] {dagbag.py:540} INFO - Filling up the DagBag from /home/airflow/.local/lib/python3.8/site-packages/airflow/example_dags/example_python_operator.py
[2024-03-29T14:32:39.894+0000] {processor.py:840} INFO - DAG(s) 'example_python_operator' retrieved from /home/airflow/.local/lib/python3.8/site-packages/airflow/example_dags/example_python_operator.py
[2024-03-29T14:32:39.918+0000] {logging_mixin.py:188} INFO - [2024-03-29T14:32:39.917+0000] {dag.py:3047} INFO - Sync 1 DAGs
[2024-03-29T14:32:39.931+0000] {logging_mixin.py:188} INFO - [2024-03-29T14:32:39.931+0000] {dag.py:3834} INFO - Setting next_dagrun for example_python_operator to None, run_after=None
[2024-03-29T14:32:39.957+0000] {processor.py:183} INFO - Processing /home/airflow/.local/lib/python3.8/site-packages/airflow/example_dags/example_python_operator.py took 0.080 seconds
[2024-03-29T14:33:10.179+0000] {processor.py:161} INFO - Started process (PID=235) to work on /home/airflow/.local/lib/python3.8/site-packages/airflow/example_dags/example_python_operator.py
[2024-03-29T14:33:10.181+0000] {processor.py:830} INFO - Processing file /home/airflow/.local/lib/python3.8/site-packages/airflow/example_dags/example_python_operator.py for tasks to queue
[2024-03-29T14:33:10.184+0000] {logging_mixin.py:188} INFO - [2024-03-29T14:33:10.183+0000] {dagbag.py:540} INFO - Filling up the DagBag from /home/airflow/.local/lib/python3.8/site-packages/airflow/example_dags/example_python_operator.py
[2024-03-29T14:33:10.202+0000] {processor.py:840} INFO - DAG(s) 'example_python_operator' retrieved from /home/airflow/.local/lib/python3.8/site-packages/airflow/example_dags/example_python_operator.py
[2024-03-29T14:33:10.230+0000] {logging_mixin.py:188} INFO - [2024-03-29T14:33:10.230+0000] {dag.py:3047} INFO - Sync 1 DAGs
[2024-03-29T14:33:10.245+0000] {logging_mixin.py:188} INFO - [2024-03-29T14:33:10.245+0000] {dag.py:3834} INFO - Setting next_dagrun for example_python_operator to None, run_after=None
[2024-03-29T14:33:10.275+0000] {processor.py:183} INFO - Processing /home/airflow/.local/lib/python3.8/site-packages/airflow/example_dags/example_python_operator.py took 0.101 seconds
[2024-03-29T14:45:11.887+0000] {processor.py:161} INFO - Started process (PID=69) to work on /home/airflow/.local/lib/python3.8/site-packages/airflow/example_dags/example_python_operator.py
[2024-03-29T14:45:11.889+0000] {processor.py:830} INFO - Processing file /home/airflow/.local/lib/python3.8/site-packages/airflow/example_dags/example_python_operator.py for tasks to queue
[2024-03-29T14:45:11.891+0000] {logging_mixin.py:188} INFO - [2024-03-29T14:45:11.891+0000] {dagbag.py:540} INFO - Filling up the DagBag from /home/airflow/.local/lib/python3.8/site-packages/airflow/example_dags/example_python_operator.py
[2024-03-29T14:45:11.910+0000] {processor.py:840} INFO - DAG(s) 'example_python_operator' retrieved from /home/airflow/.local/lib/python3.8/site-packages/airflow/example_dags/example_python_operator.py
[2024-03-29T14:45:11.927+0000] {logging_mixin.py:188} INFO - [2024-03-29T14:45:11.927+0000] {dag.py:3047} INFO - Sync 1 DAGs
[2024-03-29T14:45:11.944+0000] {logging_mixin.py:188} INFO - [2024-03-29T14:45:11.944+0000] {dag.py:3834} INFO - Setting next_dagrun for example_python_operator to None, run_after=None
[2024-03-29T14:45:11.970+0000] {processor.py:183} INFO - Processing /home/airflow/.local/lib/python3.8/site-packages/airflow/example_dags/example_python_operator.py took 0.086 seconds
