[2024-03-29T14:31:37.031+0000] {processor.py:161} INFO - Started process (PID=62) to work on /home/airflow/.local/lib/python3.8/site-packages/airflow/example_dags/tutorial.py
[2024-03-29T14:31:37.033+0000] {processor.py:830} INFO - Processing file /home/airflow/.local/lib/python3.8/site-packages/airflow/example_dags/tutorial.py for tasks to queue
[2024-03-29T14:31:37.037+0000] {logging_mixin.py:188} INFO - [2024-03-29T14:31:37.037+0000] {dagbag.py:540} INFO - Filling up the DagBag from /home/airflow/.local/lib/python3.8/site-packages/airflow/example_dags/tutorial.py
[2024-03-29T14:31:37.053+0000] {processor.py:840} INFO - DAG(s) 'tutorial' retrieved from /home/airflow/.local/lib/python3.8/site-packages/airflow/example_dags/tutorial.py
[2024-03-29T14:31:37.069+0000] {logging_mixin.py:188} INFO - [2024-03-29T14:31:37.069+0000] {dag.py:3047} INFO - Sync 1 DAGs
[2024-03-29T14:31:37.109+0000] {logging_mixin.py:188} INFO - [2024-03-29T14:31:37.108+0000] {dag.py:3834} INFO - Setting next_dagrun for tutorial to 2024-03-28 00:00:00+00:00, run_after=2024-03-29 00:00:00+00:00
[2024-03-29T14:31:37.142+0000] {processor.py:183} INFO - Processing /home/airflow/.local/lib/python3.8/site-packages/airflow/example_dags/tutorial.py took 0.116 seconds
[2024-03-29T14:32:07.986+0000] {processor.py:161} INFO - Started process (PID=117) to work on /home/airflow/.local/lib/python3.8/site-packages/airflow/example_dags/tutorial.py
[2024-03-29T14:32:07.987+0000] {processor.py:830} INFO - Processing file /home/airflow/.local/lib/python3.8/site-packages/airflow/example_dags/tutorial.py for tasks to queue
[2024-03-29T14:32:07.989+0000] {logging_mixin.py:188} INFO - [2024-03-29T14:32:07.989+0000] {dagbag.py:540} INFO - Filling up the DagBag from /home/airflow/.local/lib/python3.8/site-packages/airflow/example_dags/tutorial.py
[2024-03-29T14:32:07.995+0000] {processor.py:840} INFO - DAG(s) 'tutorial' retrieved from /home/airflow/.local/lib/python3.8/site-packages/airflow/example_dags/tutorial.py
[2024-03-29T14:32:08.116+0000] {logging_mixin.py:188} INFO - [2024-03-29T14:32:08.116+0000] {dag.py:3047} INFO - Sync 1 DAGs
[2024-03-29T14:32:08.138+0000] {logging_mixin.py:188} INFO - [2024-03-29T14:32:08.138+0000] {dag.py:3834} INFO - Setting next_dagrun for tutorial to 2024-03-28 00:00:00+00:00, run_after=2024-03-29 00:00:00+00:00
[2024-03-29T14:32:08.159+0000] {processor.py:183} INFO - Processing /home/airflow/.local/lib/python3.8/site-packages/airflow/example_dags/tutorial.py took 0.177 seconds
[2024-03-29T14:32:38.523+0000] {processor.py:161} INFO - Started process (PID=172) to work on /home/airflow/.local/lib/python3.8/site-packages/airflow/example_dags/tutorial.py
[2024-03-29T14:32:38.524+0000] {processor.py:830} INFO - Processing file /home/airflow/.local/lib/python3.8/site-packages/airflow/example_dags/tutorial.py for tasks to queue
[2024-03-29T14:32:38.527+0000] {logging_mixin.py:188} INFO - [2024-03-29T14:32:38.526+0000] {dagbag.py:540} INFO - Filling up the DagBag from /home/airflow/.local/lib/python3.8/site-packages/airflow/example_dags/tutorial.py
[2024-03-29T14:32:38.533+0000] {processor.py:840} INFO - DAG(s) 'tutorial' retrieved from /home/airflow/.local/lib/python3.8/site-packages/airflow/example_dags/tutorial.py
[2024-03-29T14:32:38.559+0000] {logging_mixin.py:188} INFO - [2024-03-29T14:32:38.558+0000] {dag.py:3047} INFO - Sync 1 DAGs
[2024-03-29T14:32:38.583+0000] {logging_mixin.py:188} INFO - [2024-03-29T14:32:38.583+0000] {dag.py:3834} INFO - Setting next_dagrun for tutorial to 2024-03-28 00:00:00+00:00, run_after=2024-03-29 00:00:00+00:00
[2024-03-29T14:32:38.606+0000] {processor.py:183} INFO - Processing /home/airflow/.local/lib/python3.8/site-packages/airflow/example_dags/tutorial.py took 0.087 seconds
[2024-03-29T14:33:08.843+0000] {processor.py:161} INFO - Started process (PID=228) to work on /home/airflow/.local/lib/python3.8/site-packages/airflow/example_dags/tutorial.py
[2024-03-29T14:33:08.844+0000] {processor.py:830} INFO - Processing file /home/airflow/.local/lib/python3.8/site-packages/airflow/example_dags/tutorial.py for tasks to queue
[2024-03-29T14:33:08.846+0000] {logging_mixin.py:188} INFO - [2024-03-29T14:33:08.846+0000] {dagbag.py:540} INFO - Filling up the DagBag from /home/airflow/.local/lib/python3.8/site-packages/airflow/example_dags/tutorial.py
[2024-03-29T14:33:08.852+0000] {processor.py:840} INFO - DAG(s) 'tutorial' retrieved from /home/airflow/.local/lib/python3.8/site-packages/airflow/example_dags/tutorial.py
[2024-03-29T14:33:08.872+0000] {logging_mixin.py:188} INFO - [2024-03-29T14:33:08.872+0000] {dag.py:3047} INFO - Sync 1 DAGs
[2024-03-29T14:33:08.895+0000] {logging_mixin.py:188} INFO - [2024-03-29T14:33:08.894+0000] {dag.py:3834} INFO - Setting next_dagrun for tutorial to 2024-03-28 00:00:00+00:00, run_after=2024-03-29 00:00:00+00:00
[2024-03-29T14:33:08.916+0000] {processor.py:183} INFO - Processing /home/airflow/.local/lib/python3.8/site-packages/airflow/example_dags/tutorial.py took 0.076 seconds
[2024-03-29T14:45:11.387+0000] {processor.py:161} INFO - Started process (PID=62) to work on /home/airflow/.local/lib/python3.8/site-packages/airflow/example_dags/tutorial.py
[2024-03-29T14:45:11.389+0000] {processor.py:830} INFO - Processing file /home/airflow/.local/lib/python3.8/site-packages/airflow/example_dags/tutorial.py for tasks to queue
[2024-03-29T14:45:11.392+0000] {logging_mixin.py:188} INFO - [2024-03-29T14:45:11.392+0000] {dagbag.py:540} INFO - Filling up the DagBag from /home/airflow/.local/lib/python3.8/site-packages/airflow/example_dags/tutorial.py
[2024-03-29T14:45:11.407+0000] {processor.py:840} INFO - DAG(s) 'tutorial' retrieved from /home/airflow/.local/lib/python3.8/site-packages/airflow/example_dags/tutorial.py
[2024-03-29T14:45:11.424+0000] {logging_mixin.py:188} INFO - [2024-03-29T14:45:11.423+0000] {dag.py:3047} INFO - Sync 1 DAGs
[2024-03-29T14:45:11.453+0000] {logging_mixin.py:188} INFO - [2024-03-29T14:45:11.453+0000] {dag.py:3834} INFO - Setting next_dagrun for tutorial to 2024-03-28 00:00:00+00:00, run_after=2024-03-29 00:00:00+00:00
[2024-03-29T14:45:11.479+0000] {processor.py:183} INFO - Processing /home/airflow/.local/lib/python3.8/site-packages/airflow/example_dags/tutorial.py took 0.096 seconds
